[Thu, 28 Mar 2024 23:47:43 GMT] Connecting to ceramic network 'inmemory' using pubsub topic '/ceramic/inmemory-3134780492'
[Thu, 28 Mar 2024 23:47:43 GMT] Starting Ceramic Daemon with @ceramicnetwork/cli package version 5.4.0, with js-ceramic repo git hash b06f9d21705c1042db236a0d636b6f6e049469c2, and with config: 
{
  "anchor": {},
  "http-api": {
    "hostname": "127.0.0.1",
    "port": 7007,
    "admin-dids": [
      "did:key:z6MkuaZ5BvxX9StZcwxJK8AQrz6ZjhEb5uCxDdidVpEwKZcJ"
    ]
  },
  "ipfs": {
    "mode": "bundled",
    "disable-peer-data-sync": false
  },
  "logger": {
    "log-directory": "/home/daniel/Documentos/Hackathons/DescentralizedIntelligenceSeason2/recomengine-ceramic/log/ceramic",
    "log-level": 2,
    "log-to-files": true
  },
  "metrics": {
    "metrics-exporter-enabled": false
  },
  "network": {
    "name": "inmemory"
  },
  "node": {},
  "state-store": {
    "mode": "file",
    "local-directory": "/etc/ceramic/data"
  },
  "indexing": {
    "db": "sqlite:///home/daniel/Documentos/Hackathons/DescentralizedIntelligenceSeason2/recomengine-ceramic/ceramic-indexing/ceramic.db",
    "allow-queries-before-historical-sync": true,
    "disable-composedb": false,
    "enable-historical-sync": false
  }
}
[Thu, 28 Mar 2024 23:47:43 GMT] Connecting to IPFS node available as /ip4/127.0.0.1/tcp/4011/p2p/12D3KooWCydB7EK649gzmCcdZpxBY8iJEsb9wJmD54y4TRnyWA39, /ip4/192.168.1.71/tcp/4011/p2p/12D3KooWCydB7EK649gzmCcdZpxBY8iJEsb9wJmD54y4TRnyWA39
[Thu, 28 Mar 2024 23:47:43 GMT] Initializing SQLite connection
[Thu, 28 Mar 2024 23:47:43 GMT] Creating ComposeDB config table: ceramic_models
[Thu, 28 Mar 2024 23:47:43 GMT] Creating ComposeDB config table: ceramic_config
[Thu, 28 Mar 2024 23:47:43 GMT] Creating ComposeDB config table: ceramic_model_implements
[Thu, 28 Mar 2024 23:47:44 GMT] Connecting to bootstrap peers for network inmemory
[Thu, 28 Mar 2024 23:47:44 GMT] Connected to anchor service '<inmemory>' with supported anchor chains ['inmemory:12345']
[Thu, 28 Mar 2024 23:47:44 GMT] No pinned streams detected. This is expected if this is the first time this node has been run, but may indicate a problem with the node's persistence setup if it should have pinned streams
[Thu, 28 Mar 2024 23:47:44 GMT] Ceramic API running on 127.0.0.1:7007'
[Thu, 28 Mar 2024 23:48:43 GMT] Did not receive any pubsub messages in more than 60000ms. IPFS did not provide any internal messages, please check your IPFS configuration.
[Fri, 29 Mar 2024 00:09:38 GMT] Starting indexing for Model kjzl6hvfrbw6c85em3vfp8h9klf7de6j9fi5rn2qd3anwohd04dkfhp98s0jlrx
[Fri, 29 Mar 2024 00:09:38 GMT] Creating ComposeDB Indexing table for model: kjzl6hvfrbw6c85em3vfp8h9klf7de6j9fi5rn2qd3anwohd04dkfhp98s0jlrx
[Fri, 29 Mar 2024 00:09:39 GMT] Starting indexing for Model kjzl6hvfrbw6c85em3vfp8h9klf7de6j9fi5rn2qd3anwohd04dkfhp98s0jlrx
[Fri, 29 Mar 2024 00:18:13 GMT] Did not receive any pubsub messages in more than 60000ms. IPFS did not provide any messages, please check your IPFS configuration and ensure your node is well connected to the rest of the Ceramic network.
[Fri, 29 Mar 2024 00:43:13 GMT] Did not receive any pubsub messages in more than 60000ms. IPFS did not provide any messages, please check your IPFS configuration and ensure your node is well connected to the rest of the Ceramic network.
[Fri, 29 Mar 2024 01:36:14 GMT] Did not receive any pubsub messages in more than 60000ms. IPFS did not provide any messages, please check your IPFS configuration and ensure your node is well connected to the rest of the Ceramic network.
[Fri, 29 Mar 2024 01:52:14 GMT] Did not receive any pubsub messages in more than 60000ms. IPFS did not provide any messages, please check your IPFS configuration and ensure your node is well connected to the rest of the Ceramic network.
[Fri, 29 Mar 2024 02:40:44 GMT] Did not receive any pubsub messages in more than 60000ms. IPFS did not provide any messages, please check your IPFS configuration and ensure your node is well connected to the rest of the Ceramic network.
[Fri, 29 Mar 2024 02:44:44 GMT] Did not receive any pubsub messages in more than 60000ms. IPFS did not provide any messages, please check your IPFS configuration and ensure your node is well connected to the rest of the Ceramic network.
[Fri, 29 Mar 2024 02:48:44 GMT] Did not receive any pubsub messages in more than 60000ms. IPFS did not provide any messages, please check your IPFS configuration and ensure your node is well connected to the rest of the Ceramic network.
