[Thu, 28 Mar 2024 23:47:43 GMT] service=pubsub peer=12D3KooWCydB7EK649gzmCcdZpxBY8iJEsb9wJmD54y4TRnyWA39 event=subscribed topic=/ceramic/inmemory-3134780492 
[Thu, 28 Mar 2024 23:48:13 GMT] service=pubsub peer=12D3KooWCydB7EK649gzmCcdZpxBY8iJEsb9wJmD54y4TRnyWA39 event=published topic=/ceramic/inmemory-3134780492 message.typ=3 message.ts=1711669693655 message.ver=5.4.0 message.ipfsVer=0.18.1 
[Thu, 28 Mar 2024 23:49:13 GMT] service=pubsub peer=12D3KooWCydB7EK649gzmCcdZpxBY8iJEsb9wJmD54y4TRnyWA39 event=published topic=/ceramic/inmemory-3134780492 message.typ=3 message.ts=1711669753654 message.ver=5.4.0 message.ipfsVer=0.18.1 
[Thu, 28 Mar 2024 23:49:43 GMT] service=pubsub peer=12D3KooWCydB7EK649gzmCcdZpxBY8iJEsb9wJmD54y4TRnyWA39 event=published topic=/ceramic/inmemory-3134780492 message.typ=3 message.ts=1711669783659 message.ver=5.4.0 message.ipfsVer=0.18.1 
[Thu, 28 Mar 2024 23:50:13 GMT] service=pubsub peer=12D3KooWCydB7EK649gzmCcdZpxBY8iJEsb9wJmD54y4TRnyWA39 event=published topic=/ceramic/inmemory-3134780492 message.typ=3 message.ts=1711669813664 message.ver=5.4.0 message.ipfsVer=0.18.1 
[Thu, 28 Mar 2024 23:50:43 GMT] service=pubsub peer=12D3KooWCydB7EK649gzmCcdZpxBY8iJEsb9wJmD54y4TRnyWA39 event=published topic=/ceramic/inmemory-3134780492 message.typ=3 message.ts=1711669843666 message.ver=5.4.0 message.ipfsVer=0.18.1 
[Thu, 28 Mar 2024 23:51:13 GMT] service=pubsub peer=12D3KooWCydB7EK649gzmCcdZpxBY8iJEsb9wJmD54y4TRnyWA39 event=published topic=/ceramic/inmemory-3134780492 message.typ=3 message.ts=1711669873669 message.ver=5.4.0 message.ipfsVer=0.18.1 
[Thu, 28 Mar 2024 23:51:43 GMT] service=pubsub peer=12D3KooWCydB7EK649gzmCcdZpxBY8iJEsb9wJmD54y4TRnyWA39 event=published topic=/ceramic/inmemory-3134780492 message.typ=3 message.ts=1711669903670 message.ver=5.4.0 message.ipfsVer=0.18.1 
[Thu, 28 Mar 2024 23:52:13 GMT] service=pubsub peer=12D3KooWCydB7EK649gzmCcdZpxBY8iJEsb9wJmD54y4TRnyWA39 event=published topic=/ceramic/inmemory-3134780492 message.typ=3 message.ts=1711669933672 message.ver=5.4.0 message.ipfsVer=0.18.1 
[Thu, 28 Mar 2024 23:52:43 GMT] service=pubsub peer=12D3KooWCydB7EK649gzmCcdZpxBY8iJEsb9wJmD54y4TRnyWA39 event=published topic=/ceramic/inmemory-3134780492 message.typ=3 message.ts=1711669963672 message.ver=5.4.0 message.ipfsVer=0.18.1 
[Thu, 28 Mar 2024 23:53:13 GMT] service=pubsub peer=12D3KooWCydB7EK649gzmCcdZpxBY8iJEsb9wJmD54y4TRnyWA39 event=published topic=/ceramic/inmemory-3134780492 message.typ=3 message.ts=1711669993672 message.ver=5.4.0 message.ipfsVer=0.18.1 
[Thu, 28 Mar 2024 23:53:43 GMT] service=pubsub peer=12D3KooWCydB7EK649gzmCcdZpxBY8iJEsb9wJmD54y4TRnyWA39 event=published topic=/ceramic/inmemory-3134780492 message.typ=3 message.ts=1711670023674 message.ver=5.4.0 message.ipfsVer=0.18.1 
[Thu, 28 Mar 2024 23:54:13 GMT] service=pubsub peer=12D3KooWCydB7EK649gzmCcdZpxBY8iJEsb9wJmD54y4TRnyWA39 event=published topic=/ceramic/inmemory-3134780492 message.typ=3 message.ts=1711670053677 message.ver=5.4.0 message.ipfsVer=0.18.1 
[Thu, 28 Mar 2024 23:54:43 GMT] service=pubsub peer=12D3KooWCydB7EK649gzmCcdZpxBY8iJEsb9wJmD54y4TRnyWA39 event=published topic=/ceramic/inmemory-3134780492 message.typ=3 message.ts=1711670083678 message.ver=5.4.0 message.ipfsVer=0.18.1 
[Thu, 28 Mar 2024 23:55:13 GMT] service=pubsub peer=12D3KooWCydB7EK649gzmCcdZpxBY8iJEsb9wJmD54y4TRnyWA39 event=published topic=/ceramic/inmemory-3134780492 message.typ=3 message.ts=1711670113681 message.ver=5.4.0 message.ipfsVer=0.18.1 
[Thu, 28 Mar 2024 23:55:43 GMT] service=pubsub peer=12D3KooWCydB7EK649gzmCcdZpxBY8iJEsb9wJmD54y4TRnyWA39 event=published topic=/ceramic/inmemory-3134780492 message.typ=3 message.ts=1711670143684 message.ver=5.4.0 message.ipfsVer=0.18.1 
[Thu, 28 Mar 2024 23:56:13 GMT] service=pubsub peer=12D3KooWCydB7EK649gzmCcdZpxBY8iJEsb9wJmD54y4TRnyWA39 event=published topic=/ceramic/inmemory-3134780492 message.typ=3 message.ts=1711670173685 message.ver=5.4.0 message.ipfsVer=0.18.1 
[Thu, 28 Mar 2024 23:56:43 GMT] service=pubsub peer=12D3KooWCydB7EK649gzmCcdZpxBY8iJEsb9wJmD54y4TRnyWA39 event=published topic=/ceramic/inmemory-3134780492 message.typ=3 message.ts=1711670203685 message.ver=5.4.0 message.ipfsVer=0.18.1 
[Thu, 28 Mar 2024 23:57:13 GMT] service=pubsub peer=12D3KooWCydB7EK649gzmCcdZpxBY8iJEsb9wJmD54y4TRnyWA39 event=published topic=/ceramic/inmemory-3134780492 message.typ=3 message.ts=1711670233686 message.ver=5.4.0 message.ipfsVer=0.18.1 
[Thu, 28 Mar 2024 23:57:43 GMT] service=pubsub peer=12D3KooWCydB7EK649gzmCcdZpxBY8iJEsb9wJmD54y4TRnyWA39 event=published topic=/ceramic/inmemory-3134780492 message.typ=3 message.ts=1711670263690 message.ver=5.4.0 message.ipfsVer=0.18.1 
[Thu, 28 Mar 2024 23:58:13 GMT] service=pubsub peer=12D3KooWCydB7EK649gzmCcdZpxBY8iJEsb9wJmD54y4TRnyWA39 event=published topic=/ceramic/inmemory-3134780492 message.typ=3 message.ts=1711670293695 message.ver=5.4.0 message.ipfsVer=0.18.1 
[Thu, 28 Mar 2024 23:58:43 GMT] service=pubsub peer=12D3KooWCydB7EK649gzmCcdZpxBY8iJEsb9wJmD54y4TRnyWA39 event=published topic=/ceramic/inmemory-3134780492 message.typ=3 message.ts=1711670323698 message.ver=5.4.0 message.ipfsVer=0.18.1 
[Thu, 28 Mar 2024 23:59:13 GMT] service=pubsub peer=12D3KooWCydB7EK649gzmCcdZpxBY8iJEsb9wJmD54y4TRnyWA39 event=published topic=/ceramic/inmemory-3134780492 message.typ=3 message.ts=1711670353700 message.ver=5.4.0 message.ipfsVer=0.18.1 
[Thu, 28 Mar 2024 23:59:43 GMT] service=pubsub peer=12D3KooWCydB7EK649gzmCcdZpxBY8iJEsb9wJmD54y4TRnyWA39 event=published topic=/ceramic/inmemory-3134780492 message.typ=3 message.ts=1711670383702 message.ver=5.4.0 message.ipfsVer=0.18.1 
[Fri, 29 Mar 2024 00:00:13 GMT] service=pubsub peer=12D3KooWCydB7EK649gzmCcdZpxBY8iJEsb9wJmD54y4TRnyWA39 event=published topic=/ceramic/inmemory-3134780492 message.typ=3 message.ts=1711670413704 message.ver=5.4.0 message.ipfsVer=0.18.1 
[Fri, 29 Mar 2024 00:00:43 GMT] service=pubsub peer=12D3KooWCydB7EK649gzmCcdZpxBY8iJEsb9wJmD54y4TRnyWA39 event=published topic=/ceramic/inmemory-3134780492 message.typ=3 message.ts=1711670443705 message.ver=5.4.0 message.ipfsVer=0.18.1 
[Fri, 29 Mar 2024 00:01:13 GMT] service=pubsub peer=12D3KooWCydB7EK649gzmCcdZpxBY8iJEsb9wJmD54y4TRnyWA39 event=published topic=/ceramic/inmemory-3134780492 message.typ=3 message.ts=1711670473706 message.ver=5.4.0 message.ipfsVer=0.18.1 
[Fri, 29 Mar 2024 00:01:43 GMT] service=pubsub peer=12D3KooWCydB7EK649gzmCcdZpxBY8iJEsb9wJmD54y4TRnyWA39 event=published topic=/ceramic/inmemory-3134780492 message.typ=3 message.ts=1711670503710 message.ver=5.4.0 message.ipfsVer=0.18.1 
[Fri, 29 Mar 2024 00:02:13 GMT] service=pubsub peer=12D3KooWCydB7EK649gzmCcdZpxBY8iJEsb9wJmD54y4TRnyWA39 event=published topic=/ceramic/inmemory-3134780492 message.typ=3 message.ts=1711670533715 message.ver=5.4.0 message.ipfsVer=0.18.1 
[Fri, 29 Mar 2024 00:02:43 GMT] service=pubsub peer=12D3KooWCydB7EK649gzmCcdZpxBY8iJEsb9wJmD54y4TRnyWA39 event=published topic=/ceramic/inmemory-3134780492 message.typ=3 message.ts=1711670563719 message.ver=5.4.0 message.ipfsVer=0.18.1 
[Fri, 29 Mar 2024 00:03:13 GMT] service=pubsub peer=12D3KooWCydB7EK649gzmCcdZpxBY8iJEsb9wJmD54y4TRnyWA39 event=published topic=/ceramic/inmemory-3134780492 message.typ=3 message.ts=1711670593722 message.ver=5.4.0 message.ipfsVer=0.18.1 
[Fri, 29 Mar 2024 00:03:43 GMT] service=pubsub peer=12D3KooWCydB7EK649gzmCcdZpxBY8iJEsb9wJmD54y4TRnyWA39 event=published topic=/ceramic/inmemory-3134780492 message.typ=3 message.ts=1711670623725 message.ver=5.4.0 message.ipfsVer=0.18.1 
[Fri, 29 Mar 2024 00:04:13 GMT] service=pubsub peer=12D3KooWCydB7EK649gzmCcdZpxBY8iJEsb9wJmD54y4TRnyWA39 event=published topic=/ceramic/inmemory-3134780492 message.typ=3 message.ts=1711670653726 message.ver=5.4.0 message.ipfsVer=0.18.1 
[Fri, 29 Mar 2024 00:04:43 GMT] service=pubsub peer=12D3KooWCydB7EK649gzmCcdZpxBY8iJEsb9wJmD54y4TRnyWA39 event=published topic=/ceramic/inmemory-3134780492 message.typ=3 message.ts=1711670683728 message.ver=5.4.0 message.ipfsVer=0.18.1 
[Fri, 29 Mar 2024 00:05:13 GMT] service=pubsub peer=12D3KooWCydB7EK649gzmCcdZpxBY8iJEsb9wJmD54y4TRnyWA39 event=published topic=/ceramic/inmemory-3134780492 message.typ=3 message.ts=1711670713729 message.ver=5.4.0 message.ipfsVer=0.18.1 
[Fri, 29 Mar 2024 00:05:43 GMT] service=pubsub peer=12D3KooWCydB7EK649gzmCcdZpxBY8iJEsb9wJmD54y4TRnyWA39 event=published topic=/ceramic/inmemory-3134780492 message.typ=3 message.ts=1711670743729 message.ver=5.4.0 message.ipfsVer=0.18.1 
[Fri, 29 Mar 2024 00:06:13 GMT] service=pubsub peer=12D3KooWCydB7EK649gzmCcdZpxBY8iJEsb9wJmD54y4TRnyWA39 event=published topic=/ceramic/inmemory-3134780492 message.typ=3 message.ts=1711670773733 message.ver=5.4.0 message.ipfsVer=0.18.1 
[Fri, 29 Mar 2024 00:06:43 GMT] service=pubsub peer=12D3KooWCydB7EK649gzmCcdZpxBY8iJEsb9wJmD54y4TRnyWA39 event=published topic=/ceramic/inmemory-3134780492 message.typ=3 message.ts=1711670803736 message.ver=5.4.0 message.ipfsVer=0.18.1 
[Fri, 29 Mar 2024 00:07:13 GMT] service=pubsub peer=12D3KooWCydB7EK649gzmCcdZpxBY8iJEsb9wJmD54y4TRnyWA39 event=published topic=/ceramic/inmemory-3134780492 message.typ=3 message.ts=1711670833740 message.ver=5.4.0 message.ipfsVer=0.18.1 
[Fri, 29 Mar 2024 00:07:43 GMT] service=pubsub peer=12D3KooWCydB7EK649gzmCcdZpxBY8iJEsb9wJmD54y4TRnyWA39 event=published topic=/ceramic/inmemory-3134780492 message.typ=3 message.ts=1711670863742 message.ver=5.4.0 message.ipfsVer=0.18.1 
[Fri, 29 Mar 2024 00:08:13 GMT] service=pubsub peer=12D3KooWCydB7EK649gzmCcdZpxBY8iJEsb9wJmD54y4TRnyWA39 event=published topic=/ceramic/inmemory-3134780492 message.typ=3 message.ts=1711670893742 message.ver=5.4.0 message.ipfsVer=0.18.1 
[Fri, 29 Mar 2024 00:08:43 GMT] service=pubsub peer=12D3KooWCydB7EK649gzmCcdZpxBY8iJEsb9wJmD54y4TRnyWA39 event=published topic=/ceramic/inmemory-3134780492 message.typ=3 message.ts=1711670923744 message.ver=5.4.0 message.ipfsVer=0.18.1 
[Fri, 29 Mar 2024 00:09:13 GMT] service=pubsub peer=12D3KooWCydB7EK649gzmCcdZpxBY8iJEsb9wJmD54y4TRnyWA39 event=published topic=/ceramic/inmemory-3134780492 message.typ=3 message.ts=1711670953745 message.ver=5.4.0 message.ipfsVer=0.18.1 
[Fri, 29 Mar 2024 00:09:38 GMT] service=pubsub peer=12D3KooWCydB7EK649gzmCcdZpxBY8iJEsb9wJmD54y4TRnyWA39 event=published topic=/ceramic/inmemory-3134780492 message.typ=0 message.stream=kjzl6hvfrbw6c85em3vfp8h9klf7de6j9fi5rn2qd3anwohd04dkfhp98s0jlrx message.tip=bagcqcerapxnf4vlftba3cnzygzkgcdn4zlwypi4tacoyu2vvxyvc5v3nut6q message.model=kh4q0ozorrgaq2mezktnrmdwleo1d 
[Fri, 29 Mar 2024 00:09:38 GMT] service=pubsub peer=12D3KooWCydB7EK649gzmCcdZpxBY8iJEsb9wJmD54y4TRnyWA39 event=published topic=/ceramic/inmemory-3134780492 message.typ=0 message.stream=kjzl6hvfrbw6c85em3vfp8h9klf7de6j9fi5rn2qd3anwohd04dkfhp98s0jlrx message.tip=bafyreibognbntta6qlqln426me6s7alcfc2fizbatcy4lagdb2uylbcvdi message.model=kh4q0ozorrgaq2mezktnrmdwleo1d 
[Fri, 29 Mar 2024 00:10:13 GMT] service=pubsub peer=12D3KooWCydB7EK649gzmCcdZpxBY8iJEsb9wJmD54y4TRnyWA39 event=published topic=/ceramic/inmemory-3134780492 message.typ=3 message.ts=1711671013750 message.ver=5.4.0 message.ipfsVer=0.18.1 
[Fri, 29 Mar 2024 00:10:43 GMT] service=pubsub peer=12D3KooWCydB7EK649gzmCcdZpxBY8iJEsb9wJmD54y4TRnyWA39 event=published topic=/ceramic/inmemory-3134780492 message.typ=3 message.ts=1711671043754 message.ver=5.4.0 message.ipfsVer=0.18.1 
[Fri, 29 Mar 2024 00:11:13 GMT] service=pubsub peer=12D3KooWCydB7EK649gzmCcdZpxBY8iJEsb9wJmD54y4TRnyWA39 event=published topic=/ceramic/inmemory-3134780492 message.typ=3 message.ts=1711671073758 message.ver=5.4.0 message.ipfsVer=0.18.1 
[Fri, 29 Mar 2024 00:11:43 GMT] service=pubsub peer=12D3KooWCydB7EK649gzmCcdZpxBY8iJEsb9wJmD54y4TRnyWA39 event=published topic=/ceramic/inmemory-3134780492 message.typ=3 message.ts=1711671103758 message.ver=5.4.0 message.ipfsVer=0.18.1 
[Fri, 29 Mar 2024 00:12:13 GMT] service=pubsub peer=12D3KooWCydB7EK649gzmCcdZpxBY8iJEsb9wJmD54y4TRnyWA39 event=published topic=/ceramic/inmemory-3134780492 message.typ=3 message.ts=1711671133761 message.ver=5.4.0 message.ipfsVer=0.18.1 
[Fri, 29 Mar 2024 00:12:43 GMT] service=pubsub peer=12D3KooWCydB7EK649gzmCcdZpxBY8iJEsb9wJmD54y4TRnyWA39 event=published topic=/ceramic/inmemory-3134780492 message.typ=3 message.ts=1711671163762 message.ver=5.4.0 message.ipfsVer=0.18.1 
[Fri, 29 Mar 2024 00:13:13 GMT] service=pubsub peer=12D3KooWCydB7EK649gzmCcdZpxBY8iJEsb9wJmD54y4TRnyWA39 event=published topic=/ceramic/inmemory-3134780492 message.typ=3 message.ts=1711671193763 message.ver=5.4.0 message.ipfsVer=0.18.1 
[Fri, 29 Mar 2024 00:13:43 GMT] service=pubsub peer=12D3KooWCydB7EK649gzmCcdZpxBY8iJEsb9wJmD54y4TRnyWA39 event=published topic=/ceramic/inmemory-3134780492 message.typ=3 message.ts=1711671223764 message.ver=5.4.0 message.ipfsVer=0.18.1 
[Fri, 29 Mar 2024 00:14:13 GMT] service=pubsub peer=12D3KooWCydB7EK649gzmCcdZpxBY8iJEsb9wJmD54y4TRnyWA39 event=published topic=/ceramic/inmemory-3134780492 message.typ=3 message.ts=1711671253769 message.ver=5.4.0 message.ipfsVer=0.18.1 
[Fri, 29 Mar 2024 00:14:43 GMT] service=pubsub peer=12D3KooWCydB7EK649gzmCcdZpxBY8iJEsb9wJmD54y4TRnyWA39 event=published topic=/ceramic/inmemory-3134780492 message.typ=3 message.ts=1711671283773 message.ver=5.4.0 message.ipfsVer=0.18.1 
[Fri, 29 Mar 2024 00:15:13 GMT] service=pubsub peer=12D3KooWCydB7EK649gzmCcdZpxBY8iJEsb9wJmD54y4TRnyWA39 event=published topic=/ceramic/inmemory-3134780492 message.typ=3 message.ts=1711671313777 message.ver=5.4.0 message.ipfsVer=0.18.1 
[Fri, 29 Mar 2024 00:15:43 GMT] service=pubsub peer=12D3KooWCydB7EK649gzmCcdZpxBY8iJEsb9wJmD54y4TRnyWA39 event=published topic=/ceramic/inmemory-3134780492 message.typ=3 message.ts=1711671343780 message.ver=5.4.0 message.ipfsVer=0.18.1 
[Fri, 29 Mar 2024 00:16:13 GMT] service=pubsub peer=12D3KooWCydB7EK649gzmCcdZpxBY8iJEsb9wJmD54y4TRnyWA39 event=published topic=/ceramic/inmemory-3134780492 message.typ=3 message.ts=1711671373783 message.ver=5.4.0 message.ipfsVer=0.18.1 
[Fri, 29 Mar 2024 00:16:43 GMT] service=pubsub peer=12D3KooWCydB7EK649gzmCcdZpxBY8iJEsb9wJmD54y4TRnyWA39 event=published topic=/ceramic/inmemory-3134780492 message.typ=3 message.ts=1711671403784 message.ver=5.4.0 message.ipfsVer=0.18.1 
[Fri, 29 Mar 2024 00:17:13 GMT] service=pubsub peer=12D3KooWCydB7EK649gzmCcdZpxBY8iJEsb9wJmD54y4TRnyWA39 event=published topic=/ceramic/inmemory-3134780492 message.typ=3 message.ts=1711671433786 message.ver=5.4.0 message.ipfsVer=0.18.1 
[Fri, 29 Mar 2024 00:18:13 GMT] service=pubsub peer=12D3KooWCydB7EK649gzmCcdZpxBY8iJEsb9wJmD54y4TRnyWA39 event=published topic=/ceramic/inmemory-3134780492 message.typ=3 message.ts=1711671493790 message.ver=5.4.0 message.ipfsVer=0.18.1 
[Fri, 29 Mar 2024 00:18:43 GMT] service=pubsub peer=12D3KooWCydB7EK649gzmCcdZpxBY8iJEsb9wJmD54y4TRnyWA39 event=published topic=/ceramic/inmemory-3134780492 message.typ=3 message.ts=1711671523790 message.ver=5.4.0 message.ipfsVer=0.18.1 
[Fri, 29 Mar 2024 00:19:13 GMT] service=pubsub peer=12D3KooWCydB7EK649gzmCcdZpxBY8iJEsb9wJmD54y4TRnyWA39 event=published topic=/ceramic/inmemory-3134780492 message.typ=3 message.ts=1711671553794 message.ver=5.4.0 message.ipfsVer=0.18.1 
[Fri, 29 Mar 2024 00:19:43 GMT] service=pubsub peer=12D3KooWCydB7EK649gzmCcdZpxBY8iJEsb9wJmD54y4TRnyWA39 event=published topic=/ceramic/inmemory-3134780492 message.typ=3 message.ts=1711671583796 message.ver=5.4.0 message.ipfsVer=0.18.1 
[Fri, 29 Mar 2024 00:20:13 GMT] service=pubsub peer=12D3KooWCydB7EK649gzmCcdZpxBY8iJEsb9wJmD54y4TRnyWA39 event=published topic=/ceramic/inmemory-3134780492 message.typ=3 message.ts=1711671613799 message.ver=5.4.0 message.ipfsVer=0.18.1 
[Fri, 29 Mar 2024 00:20:43 GMT] service=pubsub peer=12D3KooWCydB7EK649gzmCcdZpxBY8iJEsb9wJmD54y4TRnyWA39 event=published topic=/ceramic/inmemory-3134780492 message.typ=3 message.ts=1711671643802 message.ver=5.4.0 message.ipfsVer=0.18.1 
[Fri, 29 Mar 2024 00:21:13 GMT] service=pubsub peer=12D3KooWCydB7EK649gzmCcdZpxBY8iJEsb9wJmD54y4TRnyWA39 event=published topic=/ceramic/inmemory-3134780492 message.typ=3 message.ts=1711671673802 message.ver=5.4.0 message.ipfsVer=0.18.1 
[Fri, 29 Mar 2024 00:21:43 GMT] service=pubsub peer=12D3KooWCydB7EK649gzmCcdZpxBY8iJEsb9wJmD54y4TRnyWA39 event=published topic=/ceramic/inmemory-3134780492 message.typ=3 message.ts=1711671703803 message.ver=5.4.0 message.ipfsVer=0.18.1 
[Fri, 29 Mar 2024 00:22:13 GMT] service=pubsub peer=12D3KooWCydB7EK649gzmCcdZpxBY8iJEsb9wJmD54y4TRnyWA39 event=published topic=/ceramic/inmemory-3134780492 message.typ=3 message.ts=1711671733808 message.ver=5.4.0 message.ipfsVer=0.18.1 
[Fri, 29 Mar 2024 00:22:43 GMT] service=pubsub peer=12D3KooWCydB7EK649gzmCcdZpxBY8iJEsb9wJmD54y4TRnyWA39 event=published topic=/ceramic/inmemory-3134780492 message.typ=3 message.ts=1711671763812 message.ver=5.4.0 message.ipfsVer=0.18.1 
[Fri, 29 Mar 2024 00:23:13 GMT] service=pubsub peer=12D3KooWCydB7EK649gzmCcdZpxBY8iJEsb9wJmD54y4TRnyWA39 event=published topic=/ceramic/inmemory-3134780492 message.typ=3 message.ts=1711671793815 message.ver=5.4.0 message.ipfsVer=0.18.1 
[Fri, 29 Mar 2024 00:23:43 GMT] service=pubsub peer=12D3KooWCydB7EK649gzmCcdZpxBY8iJEsb9wJmD54y4TRnyWA39 event=published topic=/ceramic/inmemory-3134780492 message.typ=3 message.ts=1711671823819 message.ver=5.4.0 message.ipfsVer=0.18.1 
[Fri, 29 Mar 2024 00:24:13 GMT] service=pubsub peer=12D3KooWCydB7EK649gzmCcdZpxBY8iJEsb9wJmD54y4TRnyWA39 event=published topic=/ceramic/inmemory-3134780492 message.typ=3 message.ts=1711671853822 message.ver=5.4.0 message.ipfsVer=0.18.1 
[Fri, 29 Mar 2024 00:24:43 GMT] service=pubsub peer=12D3KooWCydB7EK649gzmCcdZpxBY8iJEsb9wJmD54y4TRnyWA39 event=published topic=/ceramic/inmemory-3134780492 message.typ=3 message.ts=1711671883823 message.ver=5.4.0 message.ipfsVer=0.18.1 
[Fri, 29 Mar 2024 00:25:13 GMT] service=pubsub peer=12D3KooWCydB7EK649gzmCcdZpxBY8iJEsb9wJmD54y4TRnyWA39 event=published topic=/ceramic/inmemory-3134780492 message.typ=3 message.ts=1711671913824 message.ver=5.4.0 message.ipfsVer=0.18.1 
[Fri, 29 Mar 2024 00:25:43 GMT] service=pubsub peer=12D3KooWCydB7EK649gzmCcdZpxBY8iJEsb9wJmD54y4TRnyWA39 event=published topic=/ceramic/inmemory-3134780492 message.typ=3 message.ts=1711671943826 message.ver=5.4.0 message.ipfsVer=0.18.1 
[Fri, 29 Mar 2024 00:26:13 GMT] service=pubsub peer=12D3KooWCydB7EK649gzmCcdZpxBY8iJEsb9wJmD54y4TRnyWA39 event=published topic=/ceramic/inmemory-3134780492 message.typ=3 message.ts=1711671973826 message.ver=5.4.0 message.ipfsVer=0.18.1 
[Fri, 29 Mar 2024 00:26:43 GMT] service=pubsub peer=12D3KooWCydB7EK649gzmCcdZpxBY8iJEsb9wJmD54y4TRnyWA39 event=published topic=/ceramic/inmemory-3134780492 message.typ=3 message.ts=1711672003830 message.ver=5.4.0 message.ipfsVer=0.18.1 
[Fri, 29 Mar 2024 00:27:13 GMT] service=pubsub peer=12D3KooWCydB7EK649gzmCcdZpxBY8iJEsb9wJmD54y4TRnyWA39 event=published topic=/ceramic/inmemory-3134780492 message.typ=3 message.ts=1711672033834 message.ver=5.4.0 message.ipfsVer=0.18.1 
[Fri, 29 Mar 2024 00:27:43 GMT] service=pubsub peer=12D3KooWCydB7EK649gzmCcdZpxBY8iJEsb9wJmD54y4TRnyWA39 event=published topic=/ceramic/inmemory-3134780492 message.typ=3 message.ts=1711672063837 message.ver=5.4.0 message.ipfsVer=0.18.1 
[Fri, 29 Mar 2024 00:28:13 GMT] service=pubsub peer=12D3KooWCydB7EK649gzmCcdZpxBY8iJEsb9wJmD54y4TRnyWA39 event=published topic=/ceramic/inmemory-3134780492 message.typ=3 message.ts=1711672093838 message.ver=5.4.0 message.ipfsVer=0.18.1 
[Fri, 29 Mar 2024 00:28:43 GMT] service=pubsub peer=12D3KooWCydB7EK649gzmCcdZpxBY8iJEsb9wJmD54y4TRnyWA39 event=published topic=/ceramic/inmemory-3134780492 message.typ=3 message.ts=1711672123841 message.ver=5.4.0 message.ipfsVer=0.18.1 
[Fri, 29 Mar 2024 00:29:13 GMT] service=pubsub peer=12D3KooWCydB7EK649gzmCcdZpxBY8iJEsb9wJmD54y4TRnyWA39 event=published topic=/ceramic/inmemory-3134780492 message.typ=3 message.ts=1711672153843 message.ver=5.4.0 message.ipfsVer=0.18.1 
[Fri, 29 Mar 2024 00:29:43 GMT] service=pubsub peer=12D3KooWCydB7EK649gzmCcdZpxBY8iJEsb9wJmD54y4TRnyWA39 event=published topic=/ceramic/inmemory-3134780492 message.typ=3 message.ts=1711672183844 message.ver=5.4.0 message.ipfsVer=0.18.1 
[Fri, 29 Mar 2024 00:30:13 GMT] service=pubsub peer=12D3KooWCydB7EK649gzmCcdZpxBY8iJEsb9wJmD54y4TRnyWA39 event=published topic=/ceramic/inmemory-3134780492 message.typ=3 message.ts=1711672213844 message.ver=5.4.0 message.ipfsVer=0.18.1 
[Fri, 29 Mar 2024 00:30:43 GMT] service=pubsub peer=12D3KooWCydB7EK649gzmCcdZpxBY8iJEsb9wJmD54y4TRnyWA39 event=published topic=/ceramic/inmemory-3134780492 message.typ=3 message.ts=1711672243848 message.ver=5.4.0 message.ipfsVer=0.18.1 
[Fri, 29 Mar 2024 00:31:13 GMT] service=pubsub peer=12D3KooWCydB7EK649gzmCcdZpxBY8iJEsb9wJmD54y4TRnyWA39 event=published topic=/ceramic/inmemory-3134780492 message.typ=3 message.ts=1711672273853 message.ver=5.4.0 message.ipfsVer=0.18.1 
[Fri, 29 Mar 2024 00:31:43 GMT] service=pubsub peer=12D3KooWCydB7EK649gzmCcdZpxBY8iJEsb9wJmD54y4TRnyWA39 event=published topic=/ceramic/inmemory-3134780492 message.typ=3 message.ts=1711672303856 message.ver=5.4.0 message.ipfsVer=0.18.1 
[Fri, 29 Mar 2024 00:32:13 GMT] service=pubsub peer=12D3KooWCydB7EK649gzmCcdZpxBY8iJEsb9wJmD54y4TRnyWA39 event=published topic=/ceramic/inmemory-3134780492 message.typ=3 message.ts=1711672333858 message.ver=5.4.0 message.ipfsVer=0.18.1 
[Fri, 29 Mar 2024 00:32:43 GMT] service=pubsub peer=12D3KooWCydB7EK649gzmCcdZpxBY8iJEsb9wJmD54y4TRnyWA39 event=published topic=/ceramic/inmemory-3134780492 message.typ=3 message.ts=1711672363861 message.ver=5.4.0 message.ipfsVer=0.18.1 
[Fri, 29 Mar 2024 00:33:13 GMT] service=pubsub peer=12D3KooWCydB7EK649gzmCcdZpxBY8iJEsb9wJmD54y4TRnyWA39 event=published topic=/ceramic/inmemory-3134780492 message.typ=3 message.ts=1711672393862 message.ver=5.4.0 message.ipfsVer=0.18.1 
[Fri, 29 Mar 2024 00:33:43 GMT] service=pubsub peer=12D3KooWCydB7EK649gzmCcdZpxBY8iJEsb9wJmD54y4TRnyWA39 event=published topic=/ceramic/inmemory-3134780492 message.typ=3 message.ts=1711672423863 message.ver=5.4.0 message.ipfsVer=0.18.1 
[Fri, 29 Mar 2024 00:34:13 GMT] service=pubsub peer=12D3KooWCydB7EK649gzmCcdZpxBY8iJEsb9wJmD54y4TRnyWA39 event=published topic=/ceramic/inmemory-3134780492 message.typ=3 message.ts=1711672453864 message.ver=5.4.0 message.ipfsVer=0.18.1 
[Fri, 29 Mar 2024 00:34:43 GMT] service=pubsub peer=12D3KooWCydB7EK649gzmCcdZpxBY8iJEsb9wJmD54y4TRnyWA39 event=published topic=/ceramic/inmemory-3134780492 message.typ=3 message.ts=1711672483868 message.ver=5.4.0 message.ipfsVer=0.18.1 
[Fri, 29 Mar 2024 00:35:13 GMT] service=pubsub peer=12D3KooWCydB7EK649gzmCcdZpxBY8iJEsb9wJmD54y4TRnyWA39 event=published topic=/ceramic/inmemory-3134780492 message.typ=3 message.ts=1711672513871 message.ver=5.4.0 message.ipfsVer=0.18.1 
[Fri, 29 Mar 2024 00:35:43 GMT] service=pubsub peer=12D3KooWCydB7EK649gzmCcdZpxBY8iJEsb9wJmD54y4TRnyWA39 event=published topic=/ceramic/inmemory-3134780492 message.typ=3 message.ts=1711672543875 message.ver=5.4.0 message.ipfsVer=0.18.1 
[Fri, 29 Mar 2024 00:36:13 GMT] service=pubsub peer=12D3KooWCydB7EK649gzmCcdZpxBY8iJEsb9wJmD54y4TRnyWA39 event=published topic=/ceramic/inmemory-3134780492 message.typ=3 message.ts=1711672573878 message.ver=5.4.0 message.ipfsVer=0.18.1 
[Fri, 29 Mar 2024 00:36:43 GMT] service=pubsub peer=12D3KooWCydB7EK649gzmCcdZpxBY8iJEsb9wJmD54y4TRnyWA39 event=published topic=/ceramic/inmemory-3134780492 message.typ=3 message.ts=1711672603881 message.ver=5.4.0 message.ipfsVer=0.18.1 
[Fri, 29 Mar 2024 00:37:13 GMT] service=pubsub peer=12D3KooWCydB7EK649gzmCcdZpxBY8iJEsb9wJmD54y4TRnyWA39 event=published topic=/ceramic/inmemory-3134780492 message.typ=3 message.ts=1711672633882 message.ver=5.4.0 message.ipfsVer=0.18.1 
[Fri, 29 Mar 2024 00:37:43 GMT] service=pubsub peer=12D3KooWCydB7EK649gzmCcdZpxBY8iJEsb9wJmD54y4TRnyWA39 event=published topic=/ceramic/inmemory-3134780492 message.typ=3 message.ts=1711672663884 message.ver=5.4.0 message.ipfsVer=0.18.1 
[Fri, 29 Mar 2024 00:38:13 GMT] service=pubsub peer=12D3KooWCydB7EK649gzmCcdZpxBY8iJEsb9wJmD54y4TRnyWA39 event=published topic=/ceramic/inmemory-3134780492 message.typ=3 message.ts=1711672693884 message.ver=5.4.0 message.ipfsVer=0.18.1 
[Fri, 29 Mar 2024 00:38:43 GMT] service=pubsub peer=12D3KooWCydB7EK649gzmCcdZpxBY8iJEsb9wJmD54y4TRnyWA39 event=published topic=/ceramic/inmemory-3134780492 message.typ=3 message.ts=1711672723886 message.ver=5.4.0 message.ipfsVer=0.18.1 
[Fri, 29 Mar 2024 00:39:13 GMT] service=pubsub peer=12D3KooWCydB7EK649gzmCcdZpxBY8iJEsb9wJmD54y4TRnyWA39 event=published topic=/ceramic/inmemory-3134780492 message.typ=3 message.ts=1711672753891 message.ver=5.4.0 message.ipfsVer=0.18.1 
[Fri, 29 Mar 2024 00:39:43 GMT] service=pubsub peer=12D3KooWCydB7EK649gzmCcdZpxBY8iJEsb9wJmD54y4TRnyWA39 event=published topic=/ceramic/inmemory-3134780492 message.typ=3 message.ts=1711672783895 message.ver=5.4.0 message.ipfsVer=0.18.1 
[Fri, 29 Mar 2024 00:40:13 GMT] service=pubsub peer=12D3KooWCydB7EK649gzmCcdZpxBY8iJEsb9wJmD54y4TRnyWA39 event=published topic=/ceramic/inmemory-3134780492 message.typ=3 message.ts=1711672813898 message.ver=5.4.0 message.ipfsVer=0.18.1 
[Fri, 29 Mar 2024 00:40:43 GMT] service=pubsub peer=12D3KooWCydB7EK649gzmCcdZpxBY8iJEsb9wJmD54y4TRnyWA39 event=published topic=/ceramic/inmemory-3134780492 message.typ=3 message.ts=1711672843901 message.ver=5.4.0 message.ipfsVer=0.18.1 
[Fri, 29 Mar 2024 00:41:13 GMT] service=pubsub peer=12D3KooWCydB7EK649gzmCcdZpxBY8iJEsb9wJmD54y4TRnyWA39 event=published topic=/ceramic/inmemory-3134780492 message.typ=3 message.ts=1711672873904 message.ver=5.4.0 message.ipfsVer=0.18.1 
[Fri, 29 Mar 2024 00:41:43 GMT] service=pubsub peer=12D3KooWCydB7EK649gzmCcdZpxBY8iJEsb9wJmD54y4TRnyWA39 event=published topic=/ceramic/inmemory-3134780492 message.typ=3 message.ts=1711672903906 message.ver=5.4.0 message.ipfsVer=0.18.1 
[Fri, 29 Mar 2024 00:42:13 GMT] service=pubsub peer=12D3KooWCydB7EK649gzmCcdZpxBY8iJEsb9wJmD54y4TRnyWA39 event=published topic=/ceramic/inmemory-3134780492 message.typ=3 message.ts=1711672933907 message.ver=5.4.0 message.ipfsVer=0.18.1 
[Fri, 29 Mar 2024 00:43:13 GMT] service=pubsub peer=12D3KooWCydB7EK649gzmCcdZpxBY8iJEsb9wJmD54y4TRnyWA39 event=published topic=/ceramic/inmemory-3134780492 message.typ=3 message.ts=1711672993910 message.ver=5.4.0 message.ipfsVer=0.18.1 
[Fri, 29 Mar 2024 00:43:43 GMT] service=pubsub peer=12D3KooWCydB7EK649gzmCcdZpxBY8iJEsb9wJmD54y4TRnyWA39 event=published topic=/ceramic/inmemory-3134780492 message.typ=3 message.ts=1711673023915 message.ver=5.4.0 message.ipfsVer=0.18.1 
[Fri, 29 Mar 2024 00:44:13 GMT] service=pubsub peer=12D3KooWCydB7EK649gzmCcdZpxBY8iJEsb9wJmD54y4TRnyWA39 event=published topic=/ceramic/inmemory-3134780492 message.typ=3 message.ts=1711673053919 message.ver=5.4.0 message.ipfsVer=0.18.1 
[Fri, 29 Mar 2024 00:44:43 GMT] service=pubsub peer=12D3KooWCydB7EK649gzmCcdZpxBY8iJEsb9wJmD54y4TRnyWA39 event=published topic=/ceramic/inmemory-3134780492 message.typ=3 message.ts=1711673083922 message.ver=5.4.0 message.ipfsVer=0.18.1 
[Fri, 29 Mar 2024 00:45:13 GMT] service=pubsub peer=12D3KooWCydB7EK649gzmCcdZpxBY8iJEsb9wJmD54y4TRnyWA39 event=published topic=/ceramic/inmemory-3134780492 message.typ=3 message.ts=1711673113924 message.ver=5.4.0 message.ipfsVer=0.18.1 
[Fri, 29 Mar 2024 00:45:43 GMT] service=pubsub peer=12D3KooWCydB7EK649gzmCcdZpxBY8iJEsb9wJmD54y4TRnyWA39 event=published topic=/ceramic/inmemory-3134780492 message.typ=3 message.ts=1711673143925 message.ver=5.4.0 message.ipfsVer=0.18.1 
[Fri, 29 Mar 2024 00:46:13 GMT] service=pubsub peer=12D3KooWCydB7EK649gzmCcdZpxBY8iJEsb9wJmD54y4TRnyWA39 event=published topic=/ceramic/inmemory-3134780492 message.typ=3 message.ts=1711673173926 message.ver=5.4.0 message.ipfsVer=0.18.1 
[Fri, 29 Mar 2024 00:46:43 GMT] service=pubsub peer=12D3KooWCydB7EK649gzmCcdZpxBY8iJEsb9wJmD54y4TRnyWA39 event=published topic=/ceramic/inmemory-3134780492 message.typ=3 message.ts=1711673203926 message.ver=5.4.0 message.ipfsVer=0.18.1 
[Fri, 29 Mar 2024 00:47:13 GMT] service=pubsub peer=12D3KooWCydB7EK649gzmCcdZpxBY8iJEsb9wJmD54y4TRnyWA39 event=published topic=/ceramic/inmemory-3134780492 message.typ=3 message.ts=1711673233931 message.ver=5.4.0 message.ipfsVer=0.18.1 
[Fri, 29 Mar 2024 00:47:43 GMT] service=pubsub peer=12D3KooWCydB7EK649gzmCcdZpxBY8iJEsb9wJmD54y4TRnyWA39 event=published topic=/ceramic/inmemory-3134780492 message.typ=3 message.ts=1711673263935 message.ver=5.4.0 message.ipfsVer=0.18.1 
[Fri, 29 Mar 2024 00:48:13 GMT] service=pubsub peer=12D3KooWCydB7EK649gzmCcdZpxBY8iJEsb9wJmD54y4TRnyWA39 event=published topic=/ceramic/inmemory-3134780492 message.typ=3 message.ts=1711673293938 message.ver=5.4.0 message.ipfsVer=0.18.1 
[Fri, 29 Mar 2024 00:48:43 GMT] service=pubsub peer=12D3KooWCydB7EK649gzmCcdZpxBY8iJEsb9wJmD54y4TRnyWA39 event=published topic=/ceramic/inmemory-3134780492 message.typ=3 message.ts=1711673323941 message.ver=5.4.0 message.ipfsVer=0.18.1 
[Fri, 29 Mar 2024 00:49:13 GMT] service=pubsub peer=12D3KooWCydB7EK649gzmCcdZpxBY8iJEsb9wJmD54y4TRnyWA39 event=published topic=/ceramic/inmemory-3134780492 message.typ=3 message.ts=1711673353944 message.ver=5.4.0 message.ipfsVer=0.18.1 
[Fri, 29 Mar 2024 00:49:43 GMT] service=pubsub peer=12D3KooWCydB7EK649gzmCcdZpxBY8iJEsb9wJmD54y4TRnyWA39 event=published topic=/ceramic/inmemory-3134780492 message.typ=3 message.ts=1711673383946 message.ver=5.4.0 message.ipfsVer=0.18.1 
[Fri, 29 Mar 2024 00:50:13 GMT] service=pubsub peer=12D3KooWCydB7EK649gzmCcdZpxBY8iJEsb9wJmD54y4TRnyWA39 event=published topic=/ceramic/inmemory-3134780492 message.typ=3 message.ts=1711673413948 message.ver=5.4.0 message.ipfsVer=0.18.1 
[Fri, 29 Mar 2024 00:50:43 GMT] service=pubsub peer=12D3KooWCydB7EK649gzmCcdZpxBY8iJEsb9wJmD54y4TRnyWA39 event=published topic=/ceramic/inmemory-3134780492 message.typ=3 message.ts=1711673443949 message.ver=5.4.0 message.ipfsVer=0.18.1 
[Fri, 29 Mar 2024 00:51:13 GMT] service=pubsub peer=12D3KooWCydB7EK649gzmCcdZpxBY8iJEsb9wJmD54y4TRnyWA39 event=published topic=/ceramic/inmemory-3134780492 message.typ=3 message.ts=1711673473955 message.ver=5.4.0 message.ipfsVer=0.18.1 
[Fri, 29 Mar 2024 00:51:43 GMT] service=pubsub peer=12D3KooWCydB7EK649gzmCcdZpxBY8iJEsb9wJmD54y4TRnyWA39 event=published topic=/ceramic/inmemory-3134780492 message.typ=3 message.ts=1711673503959 message.ver=5.4.0 message.ipfsVer=0.18.1 
[Fri, 29 Mar 2024 00:52:13 GMT] service=pubsub peer=12D3KooWCydB7EK649gzmCcdZpxBY8iJEsb9wJmD54y4TRnyWA39 event=published topic=/ceramic/inmemory-3134780492 message.typ=3 message.ts=1711673533962 message.ver=5.4.0 message.ipfsVer=0.18.1 
[Fri, 29 Mar 2024 00:52:43 GMT] service=pubsub peer=12D3KooWCydB7EK649gzmCcdZpxBY8iJEsb9wJmD54y4TRnyWA39 event=published topic=/ceramic/inmemory-3134780492 message.typ=3 message.ts=1711673563966 message.ver=5.4.0 message.ipfsVer=0.18.1 
[Fri, 29 Mar 2024 00:53:13 GMT] service=pubsub peer=12D3KooWCydB7EK649gzmCcdZpxBY8iJEsb9wJmD54y4TRnyWA39 event=published topic=/ceramic/inmemory-3134780492 message.typ=3 message.ts=1711673593968 message.ver=5.4.0 message.ipfsVer=0.18.1 
[Fri, 29 Mar 2024 00:53:43 GMT] service=pubsub peer=12D3KooWCydB7EK649gzmCcdZpxBY8iJEsb9wJmD54y4TRnyWA39 event=published topic=/ceramic/inmemory-3134780492 message.typ=3 message.ts=1711673623970 message.ver=5.4.0 message.ipfsVer=0.18.1 
[Fri, 29 Mar 2024 00:54:13 GMT] service=pubsub peer=12D3KooWCydB7EK649gzmCcdZpxBY8iJEsb9wJmD54y4TRnyWA39 event=published topic=/ceramic/inmemory-3134780492 message.typ=3 message.ts=1711673653972 message.ver=5.4.0 message.ipfsVer=0.18.1 
[Fri, 29 Mar 2024 00:54:43 GMT] service=pubsub peer=12D3KooWCydB7EK649gzmCcdZpxBY8iJEsb9wJmD54y4TRnyWA39 event=published topic=/ceramic/inmemory-3134780492 message.typ=3 message.ts=1711673683972 message.ver=5.4.0 message.ipfsVer=0.18.1 
[Fri, 29 Mar 2024 00:55:13 GMT] service=pubsub peer=12D3KooWCydB7EK649gzmCcdZpxBY8iJEsb9wJmD54y4TRnyWA39 event=published topic=/ceramic/inmemory-3134780492 message.typ=3 message.ts=1711673713972 message.ver=5.4.0 message.ipfsVer=0.18.1 
[Fri, 29 Mar 2024 00:55:43 GMT] service=pubsub peer=12D3KooWCydB7EK649gzmCcdZpxBY8iJEsb9wJmD54y4TRnyWA39 event=published topic=/ceramic/inmemory-3134780492 message.typ=3 message.ts=1711673743976 message.ver=5.4.0 message.ipfsVer=0.18.1 
[Fri, 29 Mar 2024 00:56:13 GMT] service=pubsub peer=12D3KooWCydB7EK649gzmCcdZpxBY8iJEsb9wJmD54y4TRnyWA39 event=published topic=/ceramic/inmemory-3134780492 message.typ=3 message.ts=1711673773979 message.ver=5.4.0 message.ipfsVer=0.18.1 
[Fri, 29 Mar 2024 00:56:43 GMT] service=pubsub peer=12D3KooWCydB7EK649gzmCcdZpxBY8iJEsb9wJmD54y4TRnyWA39 event=published topic=/ceramic/inmemory-3134780492 message.typ=3 message.ts=1711673803982 message.ver=5.4.0 message.ipfsVer=0.18.1 
[Fri, 29 Mar 2024 00:57:13 GMT] service=pubsub peer=12D3KooWCydB7EK649gzmCcdZpxBY8iJEsb9wJmD54y4TRnyWA39 event=published topic=/ceramic/inmemory-3134780492 message.typ=3 message.ts=1711673833985 message.ver=5.4.0 message.ipfsVer=0.18.1 
[Fri, 29 Mar 2024 00:57:43 GMT] service=pubsub peer=12D3KooWCydB7EK649gzmCcdZpxBY8iJEsb9wJmD54y4TRnyWA39 event=published topic=/ceramic/inmemory-3134780492 message.typ=3 message.ts=1711673863987 message.ver=5.4.0 message.ipfsVer=0.18.1 
[Fri, 29 Mar 2024 00:58:13 GMT] service=pubsub peer=12D3KooWCydB7EK649gzmCcdZpxBY8iJEsb9wJmD54y4TRnyWA39 event=published topic=/ceramic/inmemory-3134780492 message.typ=3 message.ts=1711673893989 message.ver=5.4.0 message.ipfsVer=0.18.1 
[Fri, 29 Mar 2024 00:58:43 GMT] service=pubsub peer=12D3KooWCydB7EK649gzmCcdZpxBY8iJEsb9wJmD54y4TRnyWA39 event=published topic=/ceramic/inmemory-3134780492 message.typ=3 message.ts=1711673923990 message.ver=5.4.0 message.ipfsVer=0.18.1 
[Fri, 29 Mar 2024 00:59:13 GMT] service=pubsub peer=12D3KooWCydB7EK649gzmCcdZpxBY8iJEsb9wJmD54y4TRnyWA39 event=published topic=/ceramic/inmemory-3134780492 message.typ=3 message.ts=1711673953990 message.ver=5.4.0 message.ipfsVer=0.18.1 
[Fri, 29 Mar 2024 00:59:43 GMT] service=pubsub peer=12D3KooWCydB7EK649gzmCcdZpxBY8iJEsb9wJmD54y4TRnyWA39 event=published topic=/ceramic/inmemory-3134780492 message.typ=3 message.ts=1711673983990 message.ver=5.4.0 message.ipfsVer=0.18.1 
[Fri, 29 Mar 2024 01:00:13 GMT] service=pubsub peer=12D3KooWCydB7EK649gzmCcdZpxBY8iJEsb9wJmD54y4TRnyWA39 event=published topic=/ceramic/inmemory-3134780492 message.typ=3 message.ts=1711674013995 message.ver=5.4.0 message.ipfsVer=0.18.1 
[Fri, 29 Mar 2024 01:00:44 GMT] service=pubsub peer=12D3KooWCydB7EK649gzmCcdZpxBY8iJEsb9wJmD54y4TRnyWA39 event=published topic=/ceramic/inmemory-3134780492 message.typ=3 message.ts=1711674043998 message.ver=5.4.0 message.ipfsVer=0.18.1 
[Fri, 29 Mar 2024 01:01:14 GMT] service=pubsub peer=12D3KooWCydB7EK649gzmCcdZpxBY8iJEsb9wJmD54y4TRnyWA39 event=published topic=/ceramic/inmemory-3134780492 message.typ=3 message.ts=1711674073998 message.ver=5.4.0 message.ipfsVer=0.18.1 
[Fri, 29 Mar 2024 01:01:44 GMT] service=pubsub peer=12D3KooWCydB7EK649gzmCcdZpxBY8iJEsb9wJmD54y4TRnyWA39 event=published topic=/ceramic/inmemory-3134780492 message.typ=3 message.ts=1711674104000 message.ver=5.4.0 message.ipfsVer=0.18.1 
[Fri, 29 Mar 2024 01:02:14 GMT] service=pubsub peer=12D3KooWCydB7EK649gzmCcdZpxBY8iJEsb9wJmD54y4TRnyWA39 event=published topic=/ceramic/inmemory-3134780492 message.typ=3 message.ts=1711674134001 message.ver=5.4.0 message.ipfsVer=0.18.1 
[Fri, 29 Mar 2024 01:02:44 GMT] service=pubsub peer=12D3KooWCydB7EK649gzmCcdZpxBY8iJEsb9wJmD54y4TRnyWA39 event=published topic=/ceramic/inmemory-3134780492 message.typ=3 message.ts=1711674164002 message.ver=5.4.0 message.ipfsVer=0.18.1 
[Fri, 29 Mar 2024 01:03:14 GMT] service=pubsub peer=12D3KooWCydB7EK649gzmCcdZpxBY8iJEsb9wJmD54y4TRnyWA39 event=published topic=/ceramic/inmemory-3134780492 message.typ=3 message.ts=1711674194002 message.ver=5.4.0 message.ipfsVer=0.18.1 
[Fri, 29 Mar 2024 01:03:44 GMT] service=pubsub peer=12D3KooWCydB7EK649gzmCcdZpxBY8iJEsb9wJmD54y4TRnyWA39 event=published topic=/ceramic/inmemory-3134780492 message.typ=3 message.ts=1711674224007 message.ver=5.4.0 message.ipfsVer=0.18.1 
[Fri, 29 Mar 2024 01:04:14 GMT] service=pubsub peer=12D3KooWCydB7EK649gzmCcdZpxBY8iJEsb9wJmD54y4TRnyWA39 event=published topic=/ceramic/inmemory-3134780492 message.typ=3 message.ts=1711674254010 message.ver=5.4.0 message.ipfsVer=0.18.1 
[Fri, 29 Mar 2024 01:04:44 GMT] service=pubsub peer=12D3KooWCydB7EK649gzmCcdZpxBY8iJEsb9wJmD54y4TRnyWA39 event=published topic=/ceramic/inmemory-3134780492 message.typ=3 message.ts=1711674284014 message.ver=5.4.0 message.ipfsVer=0.18.1 
[Fri, 29 Mar 2024 01:05:14 GMT] service=pubsub peer=12D3KooWCydB7EK649gzmCcdZpxBY8iJEsb9wJmD54y4TRnyWA39 event=published topic=/ceramic/inmemory-3134780492 message.typ=3 message.ts=1711674314017 message.ver=5.4.0 message.ipfsVer=0.18.1 
[Fri, 29 Mar 2024 01:05:44 GMT] service=pubsub peer=12D3KooWCydB7EK649gzmCcdZpxBY8iJEsb9wJmD54y4TRnyWA39 event=published topic=/ceramic/inmemory-3134780492 message.typ=3 message.ts=1711674344020 message.ver=5.4.0 message.ipfsVer=0.18.1 
[Fri, 29 Mar 2024 01:06:14 GMT] service=pubsub peer=12D3KooWCydB7EK649gzmCcdZpxBY8iJEsb9wJmD54y4TRnyWA39 event=published topic=/ceramic/inmemory-3134780492 message.typ=3 message.ts=1711674374021 message.ver=5.4.0 message.ipfsVer=0.18.1 
[Fri, 29 Mar 2024 01:06:44 GMT] service=pubsub peer=12D3KooWCydB7EK649gzmCcdZpxBY8iJEsb9wJmD54y4TRnyWA39 event=published topic=/ceramic/inmemory-3134780492 message.typ=3 message.ts=1711674404021 message.ver=5.4.0 message.ipfsVer=0.18.1 
[Fri, 29 Mar 2024 01:07:14 GMT] service=pubsub peer=12D3KooWCydB7EK649gzmCcdZpxBY8iJEsb9wJmD54y4TRnyWA39 event=published topic=/ceramic/inmemory-3134780492 message.typ=3 message.ts=1711674434022 message.ver=5.4.0 message.ipfsVer=0.18.1 
[Fri, 29 Mar 2024 01:07:44 GMT] service=pubsub peer=12D3KooWCydB7EK649gzmCcdZpxBY8iJEsb9wJmD54y4TRnyWA39 event=published topic=/ceramic/inmemory-3134780492 message.typ=3 message.ts=1711674464026 message.ver=5.4.0 message.ipfsVer=0.18.1 
[Fri, 29 Mar 2024 01:08:14 GMT] service=pubsub peer=12D3KooWCydB7EK649gzmCcdZpxBY8iJEsb9wJmD54y4TRnyWA39 event=published topic=/ceramic/inmemory-3134780492 message.typ=3 message.ts=1711674494030 message.ver=5.4.0 message.ipfsVer=0.18.1 
[Fri, 29 Mar 2024 01:08:44 GMT] service=pubsub peer=12D3KooWCydB7EK649gzmCcdZpxBY8iJEsb9wJmD54y4TRnyWA39 event=published topic=/ceramic/inmemory-3134780492 message.typ=3 message.ts=1711674524033 message.ver=5.4.0 message.ipfsVer=0.18.1 
[Fri, 29 Mar 2024 01:09:14 GMT] service=pubsub peer=12D3KooWCydB7EK649gzmCcdZpxBY8iJEsb9wJmD54y4TRnyWA39 event=published topic=/ceramic/inmemory-3134780492 message.typ=3 message.ts=1711674554036 message.ver=5.4.0 message.ipfsVer=0.18.1 
[Fri, 29 Mar 2024 01:09:44 GMT] service=pubsub peer=12D3KooWCydB7EK649gzmCcdZpxBY8iJEsb9wJmD54y4TRnyWA39 event=published topic=/ceramic/inmemory-3134780492 message.typ=3 message.ts=1711674584038 message.ver=5.4.0 message.ipfsVer=0.18.1 
[Fri, 29 Mar 2024 01:10:14 GMT] service=pubsub peer=12D3KooWCydB7EK649gzmCcdZpxBY8iJEsb9wJmD54y4TRnyWA39 event=published topic=/ceramic/inmemory-3134780492 message.typ=3 message.ts=1711674614040 message.ver=5.4.0 message.ipfsVer=0.18.1 
[Fri, 29 Mar 2024 01:10:44 GMT] service=pubsub peer=12D3KooWCydB7EK649gzmCcdZpxBY8iJEsb9wJmD54y4TRnyWA39 event=published topic=/ceramic/inmemory-3134780492 message.typ=3 message.ts=1711674644041 message.ver=5.4.0 message.ipfsVer=0.18.1 
[Fri, 29 Mar 2024 01:11:14 GMT] service=pubsub peer=12D3KooWCydB7EK649gzmCcdZpxBY8iJEsb9wJmD54y4TRnyWA39 event=published topic=/ceramic/inmemory-3134780492 message.typ=3 message.ts=1711674674041 message.ver=5.4.0 message.ipfsVer=0.18.1 
[Fri, 29 Mar 2024 01:11:44 GMT] service=pubsub peer=12D3KooWCydB7EK649gzmCcdZpxBY8iJEsb9wJmD54y4TRnyWA39 event=published topic=/ceramic/inmemory-3134780492 message.typ=3 message.ts=1711674704046 message.ver=5.4.0 message.ipfsVer=0.18.1 
[Fri, 29 Mar 2024 01:12:14 GMT] service=pubsub peer=12D3KooWCydB7EK649gzmCcdZpxBY8iJEsb9wJmD54y4TRnyWA39 event=published topic=/ceramic/inmemory-3134780492 message.typ=3 message.ts=1711674734050 message.ver=5.4.0 message.ipfsVer=0.18.1 
[Fri, 29 Mar 2024 01:12:44 GMT] service=pubsub peer=12D3KooWCydB7EK649gzmCcdZpxBY8iJEsb9wJmD54y4TRnyWA39 event=published topic=/ceramic/inmemory-3134780492 message.typ=3 message.ts=1711674764054 message.ver=5.4.0 message.ipfsVer=0.18.1 
[Fri, 29 Mar 2024 01:13:14 GMT] service=pubsub peer=12D3KooWCydB7EK649gzmCcdZpxBY8iJEsb9wJmD54y4TRnyWA39 event=published topic=/ceramic/inmemory-3134780492 message.typ=3 message.ts=1711674794056 message.ver=5.4.0 message.ipfsVer=0.18.1 
[Fri, 29 Mar 2024 01:13:44 GMT] service=pubsub peer=12D3KooWCydB7EK649gzmCcdZpxBY8iJEsb9wJmD54y4TRnyWA39 event=published topic=/ceramic/inmemory-3134780492 message.typ=3 message.ts=1711674824059 message.ver=5.4.0 message.ipfsVer=0.18.1 
[Fri, 29 Mar 2024 01:14:14 GMT] service=pubsub peer=12D3KooWCydB7EK649gzmCcdZpxBY8iJEsb9wJmD54y4TRnyWA39 event=published topic=/ceramic/inmemory-3134780492 message.typ=3 message.ts=1711674854061 message.ver=5.4.0 message.ipfsVer=0.18.1 
[Fri, 29 Mar 2024 01:14:44 GMT] service=pubsub peer=12D3KooWCydB7EK649gzmCcdZpxBY8iJEsb9wJmD54y4TRnyWA39 event=published topic=/ceramic/inmemory-3134780492 message.typ=3 message.ts=1711674884063 message.ver=5.4.0 message.ipfsVer=0.18.1 
[Fri, 29 Mar 2024 01:15:14 GMT] service=pubsub peer=12D3KooWCydB7EK649gzmCcdZpxBY8iJEsb9wJmD54y4TRnyWA39 event=published topic=/ceramic/inmemory-3134780492 message.typ=3 message.ts=1711674914063 message.ver=5.4.0 message.ipfsVer=0.18.1 
[Fri, 29 Mar 2024 01:15:44 GMT] service=pubsub peer=12D3KooWCydB7EK649gzmCcdZpxBY8iJEsb9wJmD54y4TRnyWA39 event=published topic=/ceramic/inmemory-3134780492 message.typ=3 message.ts=1711674944067 message.ver=5.4.0 message.ipfsVer=0.18.1 
[Fri, 29 Mar 2024 01:16:14 GMT] service=pubsub peer=12D3KooWCydB7EK649gzmCcdZpxBY8iJEsb9wJmD54y4TRnyWA39 event=published topic=/ceramic/inmemory-3134780492 message.typ=3 message.ts=1711674974072 message.ver=5.4.0 message.ipfsVer=0.18.1 
[Fri, 29 Mar 2024 01:16:44 GMT] service=pubsub peer=12D3KooWCydB7EK649gzmCcdZpxBY8iJEsb9wJmD54y4TRnyWA39 event=published topic=/ceramic/inmemory-3134780492 message.typ=3 message.ts=1711675004075 message.ver=5.4.0 message.ipfsVer=0.18.1 
[Fri, 29 Mar 2024 01:17:14 GMT] service=pubsub peer=12D3KooWCydB7EK649gzmCcdZpxBY8iJEsb9wJmD54y4TRnyWA39 event=published topic=/ceramic/inmemory-3134780492 message.typ=3 message.ts=1711675034078 message.ver=5.4.0 message.ipfsVer=0.18.1 
[Fri, 29 Mar 2024 01:17:44 GMT] service=pubsub peer=12D3KooWCydB7EK649gzmCcdZpxBY8iJEsb9wJmD54y4TRnyWA39 event=published topic=/ceramic/inmemory-3134780492 message.typ=3 message.ts=1711675064080 message.ver=5.4.0 message.ipfsVer=0.18.1 
[Fri, 29 Mar 2024 01:18:14 GMT] service=pubsub peer=12D3KooWCydB7EK649gzmCcdZpxBY8iJEsb9wJmD54y4TRnyWA39 event=published topic=/ceramic/inmemory-3134780492 message.typ=3 message.ts=1711675094081 message.ver=5.4.0 message.ipfsVer=0.18.1 
[Fri, 29 Mar 2024 01:18:44 GMT] service=pubsub peer=12D3KooWCydB7EK649gzmCcdZpxBY8iJEsb9wJmD54y4TRnyWA39 event=published topic=/ceramic/inmemory-3134780492 message.typ=3 message.ts=1711675124082 message.ver=5.4.0 message.ipfsVer=0.18.1 
[Fri, 29 Mar 2024 01:19:14 GMT] service=pubsub peer=12D3KooWCydB7EK649gzmCcdZpxBY8iJEsb9wJmD54y4TRnyWA39 event=published topic=/ceramic/inmemory-3134780492 message.typ=3 message.ts=1711675154083 message.ver=5.4.0 message.ipfsVer=0.18.1 
[Fri, 29 Mar 2024 01:19:44 GMT] service=pubsub peer=12D3KooWCydB7EK649gzmCcdZpxBY8iJEsb9wJmD54y4TRnyWA39 event=published topic=/ceramic/inmemory-3134780492 message.typ=3 message.ts=1711675184088 message.ver=5.4.0 message.ipfsVer=0.18.1 
[Fri, 29 Mar 2024 01:20:14 GMT] service=pubsub peer=12D3KooWCydB7EK649gzmCcdZpxBY8iJEsb9wJmD54y4TRnyWA39 event=published topic=/ceramic/inmemory-3134780492 message.typ=3 message.ts=1711675214092 message.ver=5.4.0 message.ipfsVer=0.18.1 
[Fri, 29 Mar 2024 01:20:44 GMT] service=pubsub peer=12D3KooWCydB7EK649gzmCcdZpxBY8iJEsb9wJmD54y4TRnyWA39 event=published topic=/ceramic/inmemory-3134780492 message.typ=3 message.ts=1711675244096 message.ver=5.4.0 message.ipfsVer=0.18.1 
[Fri, 29 Mar 2024 01:21:14 GMT] service=pubsub peer=12D3KooWCydB7EK649gzmCcdZpxBY8iJEsb9wJmD54y4TRnyWA39 event=published topic=/ceramic/inmemory-3134780492 message.typ=3 message.ts=1711675274098 message.ver=5.4.0 message.ipfsVer=0.18.1 
[Fri, 29 Mar 2024 01:21:44 GMT] service=pubsub peer=12D3KooWCydB7EK649gzmCcdZpxBY8iJEsb9wJmD54y4TRnyWA39 event=published topic=/ceramic/inmemory-3134780492 message.typ=3 message.ts=1711675304101 message.ver=5.4.0 message.ipfsVer=0.18.1 
[Fri, 29 Mar 2024 01:22:14 GMT] service=pubsub peer=12D3KooWCydB7EK649gzmCcdZpxBY8iJEsb9wJmD54y4TRnyWA39 event=published topic=/ceramic/inmemory-3134780492 message.typ=3 message.ts=1711675334102 message.ver=5.4.0 message.ipfsVer=0.18.1 
[Fri, 29 Mar 2024 01:22:44 GMT] service=pubsub peer=12D3KooWCydB7EK649gzmCcdZpxBY8iJEsb9wJmD54y4TRnyWA39 event=published topic=/ceramic/inmemory-3134780492 message.typ=3 message.ts=1711675364104 message.ver=5.4.0 message.ipfsVer=0.18.1 
[Fri, 29 Mar 2024 01:23:14 GMT] service=pubsub peer=12D3KooWCydB7EK649gzmCcdZpxBY8iJEsb9wJmD54y4TRnyWA39 event=published topic=/ceramic/inmemory-3134780492 message.typ=3 message.ts=1711675394104 message.ver=5.4.0 message.ipfsVer=0.18.1 
[Fri, 29 Mar 2024 01:23:44 GMT] service=pubsub peer=12D3KooWCydB7EK649gzmCcdZpxBY8iJEsb9wJmD54y4TRnyWA39 event=published topic=/ceramic/inmemory-3134780492 message.typ=3 message.ts=1711675424109 message.ver=5.4.0 message.ipfsVer=0.18.1 
[Fri, 29 Mar 2024 01:24:14 GMT] service=pubsub peer=12D3KooWCydB7EK649gzmCcdZpxBY8iJEsb9wJmD54y4TRnyWA39 event=published topic=/ceramic/inmemory-3134780492 message.typ=3 message.ts=1711675454110 message.ver=5.4.0 message.ipfsVer=0.18.1 
[Fri, 29 Mar 2024 01:24:44 GMT] service=pubsub peer=12D3KooWCydB7EK649gzmCcdZpxBY8iJEsb9wJmD54y4TRnyWA39 event=published topic=/ceramic/inmemory-3134780492 message.typ=3 message.ts=1711675484114 message.ver=5.4.0 message.ipfsVer=0.18.1 
[Fri, 29 Mar 2024 01:25:14 GMT] service=pubsub peer=12D3KooWCydB7EK649gzmCcdZpxBY8iJEsb9wJmD54y4TRnyWA39 event=published topic=/ceramic/inmemory-3134780492 message.typ=3 message.ts=1711675514118 message.ver=5.4.0 message.ipfsVer=0.18.1 
[Fri, 29 Mar 2024 01:25:44 GMT] service=pubsub peer=12D3KooWCydB7EK649gzmCcdZpxBY8iJEsb9wJmD54y4TRnyWA39 event=published topic=/ceramic/inmemory-3134780492 message.typ=3 message.ts=1711675544118 message.ver=5.4.0 message.ipfsVer=0.18.1 
[Fri, 29 Mar 2024 01:26:14 GMT] service=pubsub peer=12D3KooWCydB7EK649gzmCcdZpxBY8iJEsb9wJmD54y4TRnyWA39 event=published topic=/ceramic/inmemory-3134780492 message.typ=3 message.ts=1711675574120 message.ver=5.4.0 message.ipfsVer=0.18.1 
[Fri, 29 Mar 2024 01:26:44 GMT] service=pubsub peer=12D3KooWCydB7EK649gzmCcdZpxBY8iJEsb9wJmD54y4TRnyWA39 event=published topic=/ceramic/inmemory-3134780492 message.typ=3 message.ts=1711675604122 message.ver=5.4.0 message.ipfsVer=0.18.1 
[Fri, 29 Mar 2024 01:27:14 GMT] service=pubsub peer=12D3KooWCydB7EK649gzmCcdZpxBY8iJEsb9wJmD54y4TRnyWA39 event=published topic=/ceramic/inmemory-3134780492 message.typ=3 message.ts=1711675634123 message.ver=5.4.0 message.ipfsVer=0.18.1 
[Fri, 29 Mar 2024 01:27:44 GMT] service=pubsub peer=12D3KooWCydB7EK649gzmCcdZpxBY8iJEsb9wJmD54y4TRnyWA39 event=published topic=/ceramic/inmemory-3134780492 message.typ=3 message.ts=1711675664126 message.ver=5.4.0 message.ipfsVer=0.18.1 
[Fri, 29 Mar 2024 01:28:14 GMT] service=pubsub peer=12D3KooWCydB7EK649gzmCcdZpxBY8iJEsb9wJmD54y4TRnyWA39 event=published topic=/ceramic/inmemory-3134780492 message.typ=3 message.ts=1711675694130 message.ver=5.4.0 message.ipfsVer=0.18.1 
[Fri, 29 Mar 2024 01:28:44 GMT] service=pubsub peer=12D3KooWCydB7EK649gzmCcdZpxBY8iJEsb9wJmD54y4TRnyWA39 event=published topic=/ceramic/inmemory-3134780492 message.typ=3 message.ts=1711675724134 message.ver=5.4.0 message.ipfsVer=0.18.1 
[Fri, 29 Mar 2024 01:29:14 GMT] service=pubsub peer=12D3KooWCydB7EK649gzmCcdZpxBY8iJEsb9wJmD54y4TRnyWA39 event=published topic=/ceramic/inmemory-3134780492 message.typ=3 message.ts=1711675754137 message.ver=5.4.0 message.ipfsVer=0.18.1 
[Fri, 29 Mar 2024 01:29:44 GMT] service=pubsub peer=12D3KooWCydB7EK649gzmCcdZpxBY8iJEsb9wJmD54y4TRnyWA39 event=published topic=/ceramic/inmemory-3134780492 message.typ=3 message.ts=1711675784138 message.ver=5.4.0 message.ipfsVer=0.18.1 
[Fri, 29 Mar 2024 01:30:14 GMT] service=pubsub peer=12D3KooWCydB7EK649gzmCcdZpxBY8iJEsb9wJmD54y4TRnyWA39 event=published topic=/ceramic/inmemory-3134780492 message.typ=3 message.ts=1711675814140 message.ver=5.4.0 message.ipfsVer=0.18.1 
[Fri, 29 Mar 2024 01:30:44 GMT] service=pubsub peer=12D3KooWCydB7EK649gzmCcdZpxBY8iJEsb9wJmD54y4TRnyWA39 event=published topic=/ceramic/inmemory-3134780492 message.typ=3 message.ts=1711675844142 message.ver=5.4.0 message.ipfsVer=0.18.1 
[Fri, 29 Mar 2024 01:31:14 GMT] service=pubsub peer=12D3KooWCydB7EK649gzmCcdZpxBY8iJEsb9wJmD54y4TRnyWA39 event=published topic=/ceramic/inmemory-3134780492 message.typ=3 message.ts=1711675874142 message.ver=5.4.0 message.ipfsVer=0.18.1 
[Fri, 29 Mar 2024 01:31:44 GMT] service=pubsub peer=12D3KooWCydB7EK649gzmCcdZpxBY8iJEsb9wJmD54y4TRnyWA39 event=published topic=/ceramic/inmemory-3134780492 message.typ=3 message.ts=1711675904146 message.ver=5.4.0 message.ipfsVer=0.18.1 
[Fri, 29 Mar 2024 01:32:14 GMT] service=pubsub peer=12D3KooWCydB7EK649gzmCcdZpxBY8iJEsb9wJmD54y4TRnyWA39 event=published topic=/ceramic/inmemory-3134780492 message.typ=3 message.ts=1711675934150 message.ver=5.4.0 message.ipfsVer=0.18.1 
[Fri, 29 Mar 2024 01:32:44 GMT] service=pubsub peer=12D3KooWCydB7EK649gzmCcdZpxBY8iJEsb9wJmD54y4TRnyWA39 event=published topic=/ceramic/inmemory-3134780492 message.typ=3 message.ts=1711675964154 message.ver=5.4.0 message.ipfsVer=0.18.1 
[Fri, 29 Mar 2024 01:33:14 GMT] service=pubsub peer=12D3KooWCydB7EK649gzmCcdZpxBY8iJEsb9wJmD54y4TRnyWA39 event=published topic=/ceramic/inmemory-3134780492 message.typ=3 message.ts=1711675994157 message.ver=5.4.0 message.ipfsVer=0.18.1 
[Fri, 29 Mar 2024 01:33:44 GMT] service=pubsub peer=12D3KooWCydB7EK649gzmCcdZpxBY8iJEsb9wJmD54y4TRnyWA39 event=published topic=/ceramic/inmemory-3134780492 message.typ=3 message.ts=1711676024160 message.ver=5.4.0 message.ipfsVer=0.18.1 
[Fri, 29 Mar 2024 01:34:14 GMT] service=pubsub peer=12D3KooWCydB7EK649gzmCcdZpxBY8iJEsb9wJmD54y4TRnyWA39 event=published topic=/ceramic/inmemory-3134780492 message.typ=3 message.ts=1711676054162 message.ver=5.4.0 message.ipfsVer=0.18.1 
[Fri, 29 Mar 2024 01:34:44 GMT] service=pubsub peer=12D3KooWCydB7EK649gzmCcdZpxBY8iJEsb9wJmD54y4TRnyWA39 event=published topic=/ceramic/inmemory-3134780492 message.typ=3 message.ts=1711676084164 message.ver=5.4.0 message.ipfsVer=0.18.1 
[Fri, 29 Mar 2024 01:35:14 GMT] service=pubsub peer=12D3KooWCydB7EK649gzmCcdZpxBY8iJEsb9wJmD54y4TRnyWA39 event=published topic=/ceramic/inmemory-3134780492 message.typ=3 message.ts=1711676114165 message.ver=5.4.0 message.ipfsVer=0.18.1 
[Fri, 29 Mar 2024 01:36:14 GMT] service=pubsub peer=12D3KooWCydB7EK649gzmCcdZpxBY8iJEsb9wJmD54y4TRnyWA39 event=published topic=/ceramic/inmemory-3134780492 message.typ=3 message.ts=1711676174166 message.ver=5.4.0 message.ipfsVer=0.18.1 
[Fri, 29 Mar 2024 01:36:44 GMT] service=pubsub peer=12D3KooWCydB7EK649gzmCcdZpxBY8iJEsb9wJmD54y4TRnyWA39 event=published topic=/ceramic/inmemory-3134780492 message.typ=3 message.ts=1711676204170 message.ver=5.4.0 message.ipfsVer=0.18.1 
[Fri, 29 Mar 2024 01:37:14 GMT] service=pubsub peer=12D3KooWCydB7EK649gzmCcdZpxBY8iJEsb9wJmD54y4TRnyWA39 event=published topic=/ceramic/inmemory-3134780492 message.typ=3 message.ts=1711676234173 message.ver=5.4.0 message.ipfsVer=0.18.1 
[Fri, 29 Mar 2024 01:37:44 GMT] service=pubsub peer=12D3KooWCydB7EK649gzmCcdZpxBY8iJEsb9wJmD54y4TRnyWA39 event=published topic=/ceramic/inmemory-3134780492 message.typ=3 message.ts=1711676264174 message.ver=5.4.0 message.ipfsVer=0.18.1 
[Fri, 29 Mar 2024 01:38:14 GMT] service=pubsub peer=12D3KooWCydB7EK649gzmCcdZpxBY8iJEsb9wJmD54y4TRnyWA39 event=published topic=/ceramic/inmemory-3134780492 message.typ=3 message.ts=1711676294177 message.ver=5.4.0 message.ipfsVer=0.18.1 
[Fri, 29 Mar 2024 01:38:44 GMT] service=pubsub peer=12D3KooWCydB7EK649gzmCcdZpxBY8iJEsb9wJmD54y4TRnyWA39 event=published topic=/ceramic/inmemory-3134780492 message.typ=3 message.ts=1711676324178 message.ver=5.4.0 message.ipfsVer=0.18.1 
[Fri, 29 Mar 2024 01:39:14 GMT] service=pubsub peer=12D3KooWCydB7EK649gzmCcdZpxBY8iJEsb9wJmD54y4TRnyWA39 event=published topic=/ceramic/inmemory-3134780492 message.typ=3 message.ts=1711676354178 message.ver=5.4.0 message.ipfsVer=0.18.1 
[Fri, 29 Mar 2024 01:39:44 GMT] service=pubsub peer=12D3KooWCydB7EK649gzmCcdZpxBY8iJEsb9wJmD54y4TRnyWA39 event=published topic=/ceramic/inmemory-3134780492 message.typ=3 message.ts=1711676384179 message.ver=5.4.0 message.ipfsVer=0.18.1 
[Fri, 29 Mar 2024 01:40:14 GMT] service=pubsub peer=12D3KooWCydB7EK649gzmCcdZpxBY8iJEsb9wJmD54y4TRnyWA39 event=published topic=/ceramic/inmemory-3134780492 message.typ=3 message.ts=1711676414182 message.ver=5.4.0 message.ipfsVer=0.18.1 
[Fri, 29 Mar 2024 01:40:44 GMT] service=pubsub peer=12D3KooWCydB7EK649gzmCcdZpxBY8iJEsb9wJmD54y4TRnyWA39 event=published topic=/ceramic/inmemory-3134780492 message.typ=3 message.ts=1711676444186 message.ver=5.4.0 message.ipfsVer=0.18.1 
[Fri, 29 Mar 2024 01:41:14 GMT] service=pubsub peer=12D3KooWCydB7EK649gzmCcdZpxBY8iJEsb9wJmD54y4TRnyWA39 event=published topic=/ceramic/inmemory-3134780492 message.typ=3 message.ts=1711676474189 message.ver=5.4.0 message.ipfsVer=0.18.1 
[Fri, 29 Mar 2024 01:41:44 GMT] service=pubsub peer=12D3KooWCydB7EK649gzmCcdZpxBY8iJEsb9wJmD54y4TRnyWA39 event=published topic=/ceramic/inmemory-3134780492 message.typ=3 message.ts=1711676504190 message.ver=5.4.0 message.ipfsVer=0.18.1 
[Fri, 29 Mar 2024 01:42:14 GMT] service=pubsub peer=12D3KooWCydB7EK649gzmCcdZpxBY8iJEsb9wJmD54y4TRnyWA39 event=published topic=/ceramic/inmemory-3134780492 message.typ=3 message.ts=1711676534193 message.ver=5.4.0 message.ipfsVer=0.18.1 
[Fri, 29 Mar 2024 01:42:44 GMT] service=pubsub peer=12D3KooWCydB7EK649gzmCcdZpxBY8iJEsb9wJmD54y4TRnyWA39 event=published topic=/ceramic/inmemory-3134780492 message.typ=3 message.ts=1711676564193 message.ver=5.4.0 message.ipfsVer=0.18.1 
[Fri, 29 Mar 2024 01:43:14 GMT] service=pubsub peer=12D3KooWCydB7EK649gzmCcdZpxBY8iJEsb9wJmD54y4TRnyWA39 event=published topic=/ceramic/inmemory-3134780492 message.typ=3 message.ts=1711676594194 message.ver=5.4.0 message.ipfsVer=0.18.1 
[Fri, 29 Mar 2024 01:43:44 GMT] service=pubsub peer=12D3KooWCydB7EK649gzmCcdZpxBY8iJEsb9wJmD54y4TRnyWA39 event=published topic=/ceramic/inmemory-3134780492 message.typ=3 message.ts=1711676624194 message.ver=5.4.0 message.ipfsVer=0.18.1 
[Fri, 29 Mar 2024 01:44:14 GMT] service=pubsub peer=12D3KooWCydB7EK649gzmCcdZpxBY8iJEsb9wJmD54y4TRnyWA39 event=published topic=/ceramic/inmemory-3134780492 message.typ=3 message.ts=1711676654198 message.ver=5.4.0 message.ipfsVer=0.18.1 
[Fri, 29 Mar 2024 01:44:44 GMT] service=pubsub peer=12D3KooWCydB7EK649gzmCcdZpxBY8iJEsb9wJmD54y4TRnyWA39 event=published topic=/ceramic/inmemory-3134780492 message.typ=3 message.ts=1711676684202 message.ver=5.4.0 message.ipfsVer=0.18.1 
[Fri, 29 Mar 2024 01:45:14 GMT] service=pubsub peer=12D3KooWCydB7EK649gzmCcdZpxBY8iJEsb9wJmD54y4TRnyWA39 event=published topic=/ceramic/inmemory-3134780492 message.typ=3 message.ts=1711676714205 message.ver=5.4.0 message.ipfsVer=0.18.1 
[Fri, 29 Mar 2024 01:45:44 GMT] service=pubsub peer=12D3KooWCydB7EK649gzmCcdZpxBY8iJEsb9wJmD54y4TRnyWA39 event=published topic=/ceramic/inmemory-3134780492 message.typ=3 message.ts=1711676744206 message.ver=5.4.0 message.ipfsVer=0.18.1 
[Fri, 29 Mar 2024 01:46:14 GMT] service=pubsub peer=12D3KooWCydB7EK649gzmCcdZpxBY8iJEsb9wJmD54y4TRnyWA39 event=published topic=/ceramic/inmemory-3134780492 message.typ=3 message.ts=1711676774208 message.ver=5.4.0 message.ipfsVer=0.18.1 
[Fri, 29 Mar 2024 01:46:44 GMT] service=pubsub peer=12D3KooWCydB7EK649gzmCcdZpxBY8iJEsb9wJmD54y4TRnyWA39 event=published topic=/ceramic/inmemory-3134780492 message.typ=3 message.ts=1711676804210 message.ver=5.4.0 message.ipfsVer=0.18.1 
[Fri, 29 Mar 2024 01:47:14 GMT] service=pubsub peer=12D3KooWCydB7EK649gzmCcdZpxBY8iJEsb9wJmD54y4TRnyWA39 event=published topic=/ceramic/inmemory-3134780492 message.typ=3 message.ts=1711676834210 message.ver=5.4.0 message.ipfsVer=0.18.1 
[Fri, 29 Mar 2024 01:47:44 GMT] service=pubsub peer=12D3KooWCydB7EK649gzmCcdZpxBY8iJEsb9wJmD54y4TRnyWA39 event=published topic=/ceramic/inmemory-3134780492 message.typ=3 message.ts=1711676864210 message.ver=5.4.0 message.ipfsVer=0.18.1 
[Fri, 29 Mar 2024 01:48:14 GMT] service=pubsub peer=12D3KooWCydB7EK649gzmCcdZpxBY8iJEsb9wJmD54y4TRnyWA39 event=published topic=/ceramic/inmemory-3134780492 message.typ=3 message.ts=1711676894215 message.ver=5.4.0 message.ipfsVer=0.18.1 
[Fri, 29 Mar 2024 01:48:44 GMT] service=pubsub peer=12D3KooWCydB7EK649gzmCcdZpxBY8iJEsb9wJmD54y4TRnyWA39 event=published topic=/ceramic/inmemory-3134780492 message.typ=3 message.ts=1711676924218 message.ver=5.4.0 message.ipfsVer=0.18.1 
[Fri, 29 Mar 2024 01:49:14 GMT] service=pubsub peer=12D3KooWCydB7EK649gzmCcdZpxBY8iJEsb9wJmD54y4TRnyWA39 event=published topic=/ceramic/inmemory-3134780492 message.typ=3 message.ts=1711676954222 message.ver=5.4.0 message.ipfsVer=0.18.1 
[Fri, 29 Mar 2024 01:49:44 GMT] service=pubsub peer=12D3KooWCydB7EK649gzmCcdZpxBY8iJEsb9wJmD54y4TRnyWA39 event=published topic=/ceramic/inmemory-3134780492 message.typ=3 message.ts=1711676984225 message.ver=5.4.0 message.ipfsVer=0.18.1 
[Fri, 29 Mar 2024 01:50:14 GMT] service=pubsub peer=12D3KooWCydB7EK649gzmCcdZpxBY8iJEsb9wJmD54y4TRnyWA39 event=published topic=/ceramic/inmemory-3134780492 message.typ=3 message.ts=1711677014228 message.ver=5.4.0 message.ipfsVer=0.18.1 
[Fri, 29 Mar 2024 01:50:44 GMT] service=pubsub peer=12D3KooWCydB7EK649gzmCcdZpxBY8iJEsb9wJmD54y4TRnyWA39 event=published topic=/ceramic/inmemory-3134780492 message.typ=3 message.ts=1711677044229 message.ver=5.4.0 message.ipfsVer=0.18.1 
[Fri, 29 Mar 2024 01:51:14 GMT] service=pubsub peer=12D3KooWCydB7EK649gzmCcdZpxBY8iJEsb9wJmD54y4TRnyWA39 event=published topic=/ceramic/inmemory-3134780492 message.typ=3 message.ts=1711677074229 message.ver=5.4.0 message.ipfsVer=0.18.1 
[Fri, 29 Mar 2024 01:52:14 GMT] service=pubsub peer=12D3KooWCydB7EK649gzmCcdZpxBY8iJEsb9wJmD54y4TRnyWA39 event=published topic=/ceramic/inmemory-3134780492 message.typ=3 message.ts=1711677134233 message.ver=5.4.0 message.ipfsVer=0.18.1 
[Fri, 29 Mar 2024 01:52:44 GMT] service=pubsub peer=12D3KooWCydB7EK649gzmCcdZpxBY8iJEsb9wJmD54y4TRnyWA39 event=published topic=/ceramic/inmemory-3134780492 message.typ=3 message.ts=1711677164236 message.ver=5.4.0 message.ipfsVer=0.18.1 
[Fri, 29 Mar 2024 01:53:14 GMT] service=pubsub peer=12D3KooWCydB7EK649gzmCcdZpxBY8iJEsb9wJmD54y4TRnyWA39 event=published topic=/ceramic/inmemory-3134780492 message.typ=3 message.ts=1711677194240 message.ver=5.4.0 message.ipfsVer=0.18.1 
[Fri, 29 Mar 2024 01:53:44 GMT] service=pubsub peer=12D3KooWCydB7EK649gzmCcdZpxBY8iJEsb9wJmD54y4TRnyWA39 event=published topic=/ceramic/inmemory-3134780492 message.typ=3 message.ts=1711677224243 message.ver=5.4.0 message.ipfsVer=0.18.1 
[Fri, 29 Mar 2024 01:54:14 GMT] service=pubsub peer=12D3KooWCydB7EK649gzmCcdZpxBY8iJEsb9wJmD54y4TRnyWA39 event=published topic=/ceramic/inmemory-3134780492 message.typ=3 message.ts=1711677254245 message.ver=5.4.0 message.ipfsVer=0.18.1 
[Fri, 29 Mar 2024 01:54:44 GMT] service=pubsub peer=12D3KooWCydB7EK649gzmCcdZpxBY8iJEsb9wJmD54y4TRnyWA39 event=published topic=/ceramic/inmemory-3134780492 message.typ=3 message.ts=1711677284247 message.ver=5.4.0 message.ipfsVer=0.18.1 
[Fri, 29 Mar 2024 01:55:14 GMT] service=pubsub peer=12D3KooWCydB7EK649gzmCcdZpxBY8iJEsb9wJmD54y4TRnyWA39 event=published topic=/ceramic/inmemory-3134780492 message.typ=3 message.ts=1711677314248 message.ver=5.4.0 message.ipfsVer=0.18.1 
[Fri, 29 Mar 2024 01:55:44 GMT] service=pubsub peer=12D3KooWCydB7EK649gzmCcdZpxBY8iJEsb9wJmD54y4TRnyWA39 event=published topic=/ceramic/inmemory-3134780492 message.typ=3 message.ts=1711677344249 message.ver=5.4.0 message.ipfsVer=0.18.1 
[Fri, 29 Mar 2024 01:56:14 GMT] service=pubsub peer=12D3KooWCydB7EK649gzmCcdZpxBY8iJEsb9wJmD54y4TRnyWA39 event=published topic=/ceramic/inmemory-3134780492 message.typ=3 message.ts=1711677374254 message.ver=5.4.0 message.ipfsVer=0.18.1 
[Fri, 29 Mar 2024 01:56:44 GMT] service=pubsub peer=12D3KooWCydB7EK649gzmCcdZpxBY8iJEsb9wJmD54y4TRnyWA39 event=published topic=/ceramic/inmemory-3134780492 message.typ=3 message.ts=1711677404257 message.ver=5.4.0 message.ipfsVer=0.18.1 
[Fri, 29 Mar 2024 01:57:14 GMT] service=pubsub peer=12D3KooWCydB7EK649gzmCcdZpxBY8iJEsb9wJmD54y4TRnyWA39 event=published topic=/ceramic/inmemory-3134780492 message.typ=3 message.ts=1711677434260 message.ver=5.4.0 message.ipfsVer=0.18.1 
[Fri, 29 Mar 2024 01:57:44 GMT] service=pubsub peer=12D3KooWCydB7EK649gzmCcdZpxBY8iJEsb9wJmD54y4TRnyWA39 event=published topic=/ceramic/inmemory-3134780492 message.typ=3 message.ts=1711677464263 message.ver=5.4.0 message.ipfsVer=0.18.1 
[Fri, 29 Mar 2024 01:58:14 GMT] service=pubsub peer=12D3KooWCydB7EK649gzmCcdZpxBY8iJEsb9wJmD54y4TRnyWA39 event=published topic=/ceramic/inmemory-3134780492 message.typ=3 message.ts=1711677494266 message.ver=5.4.0 message.ipfsVer=0.18.1 
[Fri, 29 Mar 2024 01:58:44 GMT] service=pubsub peer=12D3KooWCydB7EK649gzmCcdZpxBY8iJEsb9wJmD54y4TRnyWA39 event=published topic=/ceramic/inmemory-3134780492 message.typ=3 message.ts=1711677524267 message.ver=5.4.0 message.ipfsVer=0.18.1 
[Fri, 29 Mar 2024 01:59:14 GMT] service=pubsub peer=12D3KooWCydB7EK649gzmCcdZpxBY8iJEsb9wJmD54y4TRnyWA39 event=published topic=/ceramic/inmemory-3134780492 message.typ=3 message.ts=1711677554267 message.ver=5.4.0 message.ipfsVer=0.18.1 
[Fri, 29 Mar 2024 01:59:44 GMT] service=pubsub peer=12D3KooWCydB7EK649gzmCcdZpxBY8iJEsb9wJmD54y4TRnyWA39 event=published topic=/ceramic/inmemory-3134780492 message.typ=3 message.ts=1711677584267 message.ver=5.4.0 message.ipfsVer=0.18.1 
[Fri, 29 Mar 2024 02:00:14 GMT] service=pubsub peer=12D3KooWCydB7EK649gzmCcdZpxBY8iJEsb9wJmD54y4TRnyWA39 event=published topic=/ceramic/inmemory-3134780492 message.typ=3 message.ts=1711677614267 message.ver=5.4.0 message.ipfsVer=0.18.1 
[Fri, 29 Mar 2024 02:00:44 GMT] service=pubsub peer=12D3KooWCydB7EK649gzmCcdZpxBY8iJEsb9wJmD54y4TRnyWA39 event=published topic=/ceramic/inmemory-3134780492 message.typ=3 message.ts=1711677644270 message.ver=5.4.0 message.ipfsVer=0.18.1 
[Fri, 29 Mar 2024 02:01:14 GMT] service=pubsub peer=12D3KooWCydB7EK649gzmCcdZpxBY8iJEsb9wJmD54y4TRnyWA39 event=published topic=/ceramic/inmemory-3134780492 message.typ=3 message.ts=1711677674273 message.ver=5.4.0 message.ipfsVer=0.18.1 
[Fri, 29 Mar 2024 02:01:44 GMT] service=pubsub peer=12D3KooWCydB7EK649gzmCcdZpxBY8iJEsb9wJmD54y4TRnyWA39 event=published topic=/ceramic/inmemory-3134780492 message.typ=3 message.ts=1711677704276 message.ver=5.4.0 message.ipfsVer=0.18.1 
[Fri, 29 Mar 2024 02:02:14 GMT] service=pubsub peer=12D3KooWCydB7EK649gzmCcdZpxBY8iJEsb9wJmD54y4TRnyWA39 event=published topic=/ceramic/inmemory-3134780492 message.typ=3 message.ts=1711677734278 message.ver=5.4.0 message.ipfsVer=0.18.1 
[Fri, 29 Mar 2024 02:02:44 GMT] service=pubsub peer=12D3KooWCydB7EK649gzmCcdZpxBY8iJEsb9wJmD54y4TRnyWA39 event=published topic=/ceramic/inmemory-3134780492 message.typ=3 message.ts=1711677764280 message.ver=5.4.0 message.ipfsVer=0.18.1 
[Fri, 29 Mar 2024 02:03:14 GMT] service=pubsub peer=12D3KooWCydB7EK649gzmCcdZpxBY8iJEsb9wJmD54y4TRnyWA39 event=published topic=/ceramic/inmemory-3134780492 message.typ=3 message.ts=1711677794281 message.ver=5.4.0 message.ipfsVer=0.18.1 
[Fri, 29 Mar 2024 02:03:44 GMT] service=pubsub peer=12D3KooWCydB7EK649gzmCcdZpxBY8iJEsb9wJmD54y4TRnyWA39 event=published topic=/ceramic/inmemory-3134780492 message.typ=3 message.ts=1711677824282 message.ver=5.4.0 message.ipfsVer=0.18.1 
[Fri, 29 Mar 2024 02:04:14 GMT] service=pubsub peer=12D3KooWCydB7EK649gzmCcdZpxBY8iJEsb9wJmD54y4TRnyWA39 event=published topic=/ceramic/inmemory-3134780492 message.typ=3 message.ts=1711677854286 message.ver=5.4.0 message.ipfsVer=0.18.1 
[Fri, 29 Mar 2024 02:04:44 GMT] service=pubsub peer=12D3KooWCydB7EK649gzmCcdZpxBY8iJEsb9wJmD54y4TRnyWA39 event=published topic=/ceramic/inmemory-3134780492 message.typ=3 message.ts=1711677884291 message.ver=5.4.0 message.ipfsVer=0.18.1 
[Fri, 29 Mar 2024 02:05:14 GMT] service=pubsub peer=12D3KooWCydB7EK649gzmCcdZpxBY8iJEsb9wJmD54y4TRnyWA39 event=published topic=/ceramic/inmemory-3134780492 message.typ=3 message.ts=1711677914294 message.ver=5.4.0 message.ipfsVer=0.18.1 
[Fri, 29 Mar 2024 02:05:44 GMT] service=pubsub peer=12D3KooWCydB7EK649gzmCcdZpxBY8iJEsb9wJmD54y4TRnyWA39 event=published topic=/ceramic/inmemory-3134780492 message.typ=3 message.ts=1711677944297 message.ver=5.4.0 message.ipfsVer=0.18.1 
[Fri, 29 Mar 2024 02:06:14 GMT] service=pubsub peer=12D3KooWCydB7EK649gzmCcdZpxBY8iJEsb9wJmD54y4TRnyWA39 event=published topic=/ceramic/inmemory-3134780492 message.typ=3 message.ts=1711677974298 message.ver=5.4.0 message.ipfsVer=0.18.1 
[Fri, 29 Mar 2024 02:06:44 GMT] service=pubsub peer=12D3KooWCydB7EK649gzmCcdZpxBY8iJEsb9wJmD54y4TRnyWA39 event=published topic=/ceramic/inmemory-3134780492 message.typ=3 message.ts=1711678004300 message.ver=5.4.0 message.ipfsVer=0.18.1 
[Fri, 29 Mar 2024 02:07:14 GMT] service=pubsub peer=12D3KooWCydB7EK649gzmCcdZpxBY8iJEsb9wJmD54y4TRnyWA39 event=published topic=/ceramic/inmemory-3134780492 message.typ=3 message.ts=1711678034301 message.ver=5.4.0 message.ipfsVer=0.18.1 
[Fri, 29 Mar 2024 02:07:44 GMT] service=pubsub peer=12D3KooWCydB7EK649gzmCcdZpxBY8iJEsb9wJmD54y4TRnyWA39 event=published topic=/ceramic/inmemory-3134780492 message.typ=3 message.ts=1711678064302 message.ver=5.4.0 message.ipfsVer=0.18.1 
[Fri, 29 Mar 2024 02:08:14 GMT] service=pubsub peer=12D3KooWCydB7EK649gzmCcdZpxBY8iJEsb9wJmD54y4TRnyWA39 event=published topic=/ceramic/inmemory-3134780492 message.typ=3 message.ts=1711678094306 message.ver=5.4.0 message.ipfsVer=0.18.1 
[Fri, 29 Mar 2024 02:08:44 GMT] service=pubsub peer=12D3KooWCydB7EK649gzmCcdZpxBY8iJEsb9wJmD54y4TRnyWA39 event=published topic=/ceramic/inmemory-3134780492 message.typ=3 message.ts=1711678124310 message.ver=5.4.0 message.ipfsVer=0.18.1 
[Fri, 29 Mar 2024 02:09:14 GMT] service=pubsub peer=12D3KooWCydB7EK649gzmCcdZpxBY8iJEsb9wJmD54y4TRnyWA39 event=published topic=/ceramic/inmemory-3134780492 message.typ=3 message.ts=1711678154314 message.ver=5.4.0 message.ipfsVer=0.18.1 
[Fri, 29 Mar 2024 02:09:44 GMT] service=pubsub peer=12D3KooWCydB7EK649gzmCcdZpxBY8iJEsb9wJmD54y4TRnyWA39 event=published topic=/ceramic/inmemory-3134780492 message.typ=3 message.ts=1711678184317 message.ver=5.4.0 message.ipfsVer=0.18.1 
[Fri, 29 Mar 2024 02:10:14 GMT] service=pubsub peer=12D3KooWCydB7EK649gzmCcdZpxBY8iJEsb9wJmD54y4TRnyWA39 event=published topic=/ceramic/inmemory-3134780492 message.typ=3 message.ts=1711678214318 message.ver=5.4.0 message.ipfsVer=0.18.1 
[Fri, 29 Mar 2024 02:10:44 GMT] service=pubsub peer=12D3KooWCydB7EK649gzmCcdZpxBY8iJEsb9wJmD54y4TRnyWA39 event=published topic=/ceramic/inmemory-3134780492 message.typ=3 message.ts=1711678244319 message.ver=5.4.0 message.ipfsVer=0.18.1 
[Fri, 29 Mar 2024 02:11:14 GMT] service=pubsub peer=12D3KooWCydB7EK649gzmCcdZpxBY8iJEsb9wJmD54y4TRnyWA39 event=published topic=/ceramic/inmemory-3134780492 message.typ=3 message.ts=1711678274319 message.ver=5.4.0 message.ipfsVer=0.18.1 
[Fri, 29 Mar 2024 02:11:44 GMT] service=pubsub peer=12D3KooWCydB7EK649gzmCcdZpxBY8iJEsb9wJmD54y4TRnyWA39 event=published topic=/ceramic/inmemory-3134780492 message.typ=3 message.ts=1711678304320 message.ver=5.4.0 message.ipfsVer=0.18.1 
[Fri, 29 Mar 2024 02:12:14 GMT] service=pubsub peer=12D3KooWCydB7EK649gzmCcdZpxBY8iJEsb9wJmD54y4TRnyWA39 event=published topic=/ceramic/inmemory-3134780492 message.typ=3 message.ts=1711678334325 message.ver=5.4.0 message.ipfsVer=0.18.1 
[Fri, 29 Mar 2024 02:12:44 GMT] service=pubsub peer=12D3KooWCydB7EK649gzmCcdZpxBY8iJEsb9wJmD54y4TRnyWA39 event=published topic=/ceramic/inmemory-3134780492 message.typ=3 message.ts=1711678364329 message.ver=5.4.0 message.ipfsVer=0.18.1 
[Fri, 29 Mar 2024 02:13:14 GMT] service=pubsub peer=12D3KooWCydB7EK649gzmCcdZpxBY8iJEsb9wJmD54y4TRnyWA39 event=published topic=/ceramic/inmemory-3134780492 message.typ=3 message.ts=1711678394333 message.ver=5.4.0 message.ipfsVer=0.18.1 
[Fri, 29 Mar 2024 02:13:44 GMT] service=pubsub peer=12D3KooWCydB7EK649gzmCcdZpxBY8iJEsb9wJmD54y4TRnyWA39 event=published topic=/ceramic/inmemory-3134780492 message.typ=3 message.ts=1711678424336 message.ver=5.4.0 message.ipfsVer=0.18.1 
[Fri, 29 Mar 2024 02:14:14 GMT] service=pubsub peer=12D3KooWCydB7EK649gzmCcdZpxBY8iJEsb9wJmD54y4TRnyWA39 event=published topic=/ceramic/inmemory-3134780492 message.typ=3 message.ts=1711678454338 message.ver=5.4.0 message.ipfsVer=0.18.1 
[Fri, 29 Mar 2024 02:14:44 GMT] service=pubsub peer=12D3KooWCydB7EK649gzmCcdZpxBY8iJEsb9wJmD54y4TRnyWA39 event=published topic=/ceramic/inmemory-3134780492 message.typ=3 message.ts=1711678484340 message.ver=5.4.0 message.ipfsVer=0.18.1 
[Fri, 29 Mar 2024 02:15:14 GMT] service=pubsub peer=12D3KooWCydB7EK649gzmCcdZpxBY8iJEsb9wJmD54y4TRnyWA39 event=published topic=/ceramic/inmemory-3134780492 message.typ=3 message.ts=1711678514340 message.ver=5.4.0 message.ipfsVer=0.18.1 
[Fri, 29 Mar 2024 02:15:44 GMT] service=pubsub peer=12D3KooWCydB7EK649gzmCcdZpxBY8iJEsb9wJmD54y4TRnyWA39 event=published topic=/ceramic/inmemory-3134780492 message.typ=3 message.ts=1711678544340 message.ver=5.4.0 message.ipfsVer=0.18.1 
[Fri, 29 Mar 2024 02:16:14 GMT] service=pubsub peer=12D3KooWCydB7EK649gzmCcdZpxBY8iJEsb9wJmD54y4TRnyWA39 event=published topic=/ceramic/inmemory-3134780492 message.typ=3 message.ts=1711678574345 message.ver=5.4.0 message.ipfsVer=0.18.1 
[Fri, 29 Mar 2024 02:16:44 GMT] service=pubsub peer=12D3KooWCydB7EK649gzmCcdZpxBY8iJEsb9wJmD54y4TRnyWA39 event=published topic=/ceramic/inmemory-3134780492 message.typ=3 message.ts=1711678604350 message.ver=5.4.0 message.ipfsVer=0.18.1 
[Fri, 29 Mar 2024 02:17:14 GMT] service=pubsub peer=12D3KooWCydB7EK649gzmCcdZpxBY8iJEsb9wJmD54y4TRnyWA39 event=published topic=/ceramic/inmemory-3134780492 message.typ=3 message.ts=1711678634353 message.ver=5.4.0 message.ipfsVer=0.18.1 
[Fri, 29 Mar 2024 02:17:44 GMT] service=pubsub peer=12D3KooWCydB7EK649gzmCcdZpxBY8iJEsb9wJmD54y4TRnyWA39 event=published topic=/ceramic/inmemory-3134780492 message.typ=3 message.ts=1711678664357 message.ver=5.4.0 message.ipfsVer=0.18.1 
[Fri, 29 Mar 2024 02:18:14 GMT] service=pubsub peer=12D3KooWCydB7EK649gzmCcdZpxBY8iJEsb9wJmD54y4TRnyWA39 event=published topic=/ceramic/inmemory-3134780492 message.typ=3 message.ts=1711678694359 message.ver=5.4.0 message.ipfsVer=0.18.1 
[Fri, 29 Mar 2024 02:18:44 GMT] service=pubsub peer=12D3KooWCydB7EK649gzmCcdZpxBY8iJEsb9wJmD54y4TRnyWA39 event=published topic=/ceramic/inmemory-3134780492 message.typ=3 message.ts=1711678724361 message.ver=5.4.0 message.ipfsVer=0.18.1 
[Fri, 29 Mar 2024 02:19:14 GMT] service=pubsub peer=12D3KooWCydB7EK649gzmCcdZpxBY8iJEsb9wJmD54y4TRnyWA39 event=published topic=/ceramic/inmemory-3134780492 message.typ=3 message.ts=1711678754362 message.ver=5.4.0 message.ipfsVer=0.18.1 
[Fri, 29 Mar 2024 02:19:44 GMT] service=pubsub peer=12D3KooWCydB7EK649gzmCcdZpxBY8iJEsb9wJmD54y4TRnyWA39 event=published topic=/ceramic/inmemory-3134780492 message.typ=3 message.ts=1711678784362 message.ver=5.4.0 message.ipfsVer=0.18.1 
[Fri, 29 Mar 2024 02:20:14 GMT] service=pubsub peer=12D3KooWCydB7EK649gzmCcdZpxBY8iJEsb9wJmD54y4TRnyWA39 event=published topic=/ceramic/inmemory-3134780492 message.typ=3 message.ts=1711678814367 message.ver=5.4.0 message.ipfsVer=0.18.1 
[Fri, 29 Mar 2024 02:20:44 GMT] service=pubsub peer=12D3KooWCydB7EK649gzmCcdZpxBY8iJEsb9wJmD54y4TRnyWA39 event=published topic=/ceramic/inmemory-3134780492 message.typ=3 message.ts=1711678844371 message.ver=5.4.0 message.ipfsVer=0.18.1 
[Fri, 29 Mar 2024 02:21:14 GMT] service=pubsub peer=12D3KooWCydB7EK649gzmCcdZpxBY8iJEsb9wJmD54y4TRnyWA39 event=published topic=/ceramic/inmemory-3134780492 message.typ=3 message.ts=1711678874376 message.ver=5.4.0 message.ipfsVer=0.18.1 
[Fri, 29 Mar 2024 02:21:44 GMT] service=pubsub peer=12D3KooWCydB7EK649gzmCcdZpxBY8iJEsb9wJmD54y4TRnyWA39 event=published topic=/ceramic/inmemory-3134780492 message.typ=3 message.ts=1711678904379 message.ver=5.4.0 message.ipfsVer=0.18.1 
[Fri, 29 Mar 2024 02:22:14 GMT] service=pubsub peer=12D3KooWCydB7EK649gzmCcdZpxBY8iJEsb9wJmD54y4TRnyWA39 event=published topic=/ceramic/inmemory-3134780492 message.typ=3 message.ts=1711678934381 message.ver=5.4.0 message.ipfsVer=0.18.1 
[Fri, 29 Mar 2024 02:22:44 GMT] service=pubsub peer=12D3KooWCydB7EK649gzmCcdZpxBY8iJEsb9wJmD54y4TRnyWA39 event=published topic=/ceramic/inmemory-3134780492 message.typ=3 message.ts=1711678964384 message.ver=5.4.0 message.ipfsVer=0.18.1 
[Fri, 29 Mar 2024 02:23:14 GMT] service=pubsub peer=12D3KooWCydB7EK649gzmCcdZpxBY8iJEsb9wJmD54y4TRnyWA39 event=published topic=/ceramic/inmemory-3134780492 message.typ=3 message.ts=1711678994384 message.ver=5.4.0 message.ipfsVer=0.18.1 
[Fri, 29 Mar 2024 02:23:44 GMT] service=pubsub peer=12D3KooWCydB7EK649gzmCcdZpxBY8iJEsb9wJmD54y4TRnyWA39 event=published topic=/ceramic/inmemory-3134780492 message.typ=3 message.ts=1711679024385 message.ver=5.4.0 message.ipfsVer=0.18.1 
[Fri, 29 Mar 2024 02:24:14 GMT] service=pubsub peer=12D3KooWCydB7EK649gzmCcdZpxBY8iJEsb9wJmD54y4TRnyWA39 event=published topic=/ceramic/inmemory-3134780492 message.typ=3 message.ts=1711679054390 message.ver=5.4.0 message.ipfsVer=0.18.1 
[Fri, 29 Mar 2024 02:24:44 GMT] service=pubsub peer=12D3KooWCydB7EK649gzmCcdZpxBY8iJEsb9wJmD54y4TRnyWA39 event=published topic=/ceramic/inmemory-3134780492 message.typ=3 message.ts=1711679084395 message.ver=5.4.0 message.ipfsVer=0.18.1 
[Fri, 29 Mar 2024 02:25:14 GMT] service=pubsub peer=12D3KooWCydB7EK649gzmCcdZpxBY8iJEsb9wJmD54y4TRnyWA39 event=published topic=/ceramic/inmemory-3134780492 message.typ=3 message.ts=1711679114398 message.ver=5.4.0 message.ipfsVer=0.18.1 
[Fri, 29 Mar 2024 02:25:44 GMT] service=pubsub peer=12D3KooWCydB7EK649gzmCcdZpxBY8iJEsb9wJmD54y4TRnyWA39 event=published topic=/ceramic/inmemory-3134780492 message.typ=3 message.ts=1711679144401 message.ver=5.4.0 message.ipfsVer=0.18.1 
[Fri, 29 Mar 2024 02:26:14 GMT] service=pubsub peer=12D3KooWCydB7EK649gzmCcdZpxBY8iJEsb9wJmD54y4TRnyWA39 event=published topic=/ceramic/inmemory-3134780492 message.typ=3 message.ts=1711679174403 message.ver=5.4.0 message.ipfsVer=0.18.1 
[Fri, 29 Mar 2024 02:26:44 GMT] service=pubsub peer=12D3KooWCydB7EK649gzmCcdZpxBY8iJEsb9wJmD54y4TRnyWA39 event=published topic=/ceramic/inmemory-3134780492 message.typ=3 message.ts=1711679204405 message.ver=5.4.0 message.ipfsVer=0.18.1 
[Fri, 29 Mar 2024 02:27:14 GMT] service=pubsub peer=12D3KooWCydB7EK649gzmCcdZpxBY8iJEsb9wJmD54y4TRnyWA39 event=published topic=/ceramic/inmemory-3134780492 message.typ=3 message.ts=1711679234406 message.ver=5.4.0 message.ipfsVer=0.18.1 
[Fri, 29 Mar 2024 02:27:44 GMT] service=pubsub peer=12D3KooWCydB7EK649gzmCcdZpxBY8iJEsb9wJmD54y4TRnyWA39 event=published topic=/ceramic/inmemory-3134780492 message.typ=3 message.ts=1711679264407 message.ver=5.4.0 message.ipfsVer=0.18.1 
[Fri, 29 Mar 2024 02:28:14 GMT] service=pubsub peer=12D3KooWCydB7EK649gzmCcdZpxBY8iJEsb9wJmD54y4TRnyWA39 event=published topic=/ceramic/inmemory-3134780492 message.typ=3 message.ts=1711679294408 message.ver=5.4.0 message.ipfsVer=0.18.1 
[Fri, 29 Mar 2024 02:28:44 GMT] service=pubsub peer=12D3KooWCydB7EK649gzmCcdZpxBY8iJEsb9wJmD54y4TRnyWA39 event=published topic=/ceramic/inmemory-3134780492 message.typ=3 message.ts=1711679324412 message.ver=5.4.0 message.ipfsVer=0.18.1 
[Fri, 29 Mar 2024 02:29:14 GMT] service=pubsub peer=12D3KooWCydB7EK649gzmCcdZpxBY8iJEsb9wJmD54y4TRnyWA39 event=published topic=/ceramic/inmemory-3134780492 message.typ=3 message.ts=1711679354413 message.ver=5.4.0 message.ipfsVer=0.18.1 
[Fri, 29 Mar 2024 02:29:44 GMT] service=pubsub peer=12D3KooWCydB7EK649gzmCcdZpxBY8iJEsb9wJmD54y4TRnyWA39 event=published topic=/ceramic/inmemory-3134780492 message.typ=3 message.ts=1711679384414 message.ver=5.4.0 message.ipfsVer=0.18.1 
[Fri, 29 Mar 2024 02:30:14 GMT] service=pubsub peer=12D3KooWCydB7EK649gzmCcdZpxBY8iJEsb9wJmD54y4TRnyWA39 event=published topic=/ceramic/inmemory-3134780492 message.typ=3 message.ts=1711679414417 message.ver=5.4.0 message.ipfsVer=0.18.1 
[Fri, 29 Mar 2024 02:30:44 GMT] service=pubsub peer=12D3KooWCydB7EK649gzmCcdZpxBY8iJEsb9wJmD54y4TRnyWA39 event=published topic=/ceramic/inmemory-3134780492 message.typ=3 message.ts=1711679444419 message.ver=5.4.0 message.ipfsVer=0.18.1 
[Fri, 29 Mar 2024 02:31:14 GMT] service=pubsub peer=12D3KooWCydB7EK649gzmCcdZpxBY8iJEsb9wJmD54y4TRnyWA39 event=published topic=/ceramic/inmemory-3134780492 message.typ=3 message.ts=1711679474421 message.ver=5.4.0 message.ipfsVer=0.18.1 
[Fri, 29 Mar 2024 02:31:44 GMT] service=pubsub peer=12D3KooWCydB7EK649gzmCcdZpxBY8iJEsb9wJmD54y4TRnyWA39 event=published topic=/ceramic/inmemory-3134780492 message.typ=3 message.ts=1711679504421 message.ver=5.4.0 message.ipfsVer=0.18.1 
[Fri, 29 Mar 2024 02:32:14 GMT] service=pubsub peer=12D3KooWCydB7EK649gzmCcdZpxBY8iJEsb9wJmD54y4TRnyWA39 event=published topic=/ceramic/inmemory-3134780492 message.typ=3 message.ts=1711679534422 message.ver=5.4.0 message.ipfsVer=0.18.1 
[Fri, 29 Mar 2024 02:32:44 GMT] service=pubsub peer=12D3KooWCydB7EK649gzmCcdZpxBY8iJEsb9wJmD54y4TRnyWA39 event=published topic=/ceramic/inmemory-3134780492 message.typ=3 message.ts=1711679564426 message.ver=5.4.0 message.ipfsVer=0.18.1 
[Fri, 29 Mar 2024 02:33:14 GMT] service=pubsub peer=12D3KooWCydB7EK649gzmCcdZpxBY8iJEsb9wJmD54y4TRnyWA39 event=published topic=/ceramic/inmemory-3134780492 message.typ=3 message.ts=1711679594431 message.ver=5.4.0 message.ipfsVer=0.18.1 
[Fri, 29 Mar 2024 02:33:44 GMT] service=pubsub peer=12D3KooWCydB7EK649gzmCcdZpxBY8iJEsb9wJmD54y4TRnyWA39 event=published topic=/ceramic/inmemory-3134780492 message.typ=3 message.ts=1711679624434 message.ver=5.4.0 message.ipfsVer=0.18.1 
[Fri, 29 Mar 2024 02:34:14 GMT] service=pubsub peer=12D3KooWCydB7EK649gzmCcdZpxBY8iJEsb9wJmD54y4TRnyWA39 event=published topic=/ceramic/inmemory-3134780492 message.typ=3 message.ts=1711679654436 message.ver=5.4.0 message.ipfsVer=0.18.1 
[Fri, 29 Mar 2024 02:34:44 GMT] service=pubsub peer=12D3KooWCydB7EK649gzmCcdZpxBY8iJEsb9wJmD54y4TRnyWA39 event=published topic=/ceramic/inmemory-3134780492 message.typ=3 message.ts=1711679684437 message.ver=5.4.0 message.ipfsVer=0.18.1 
[Fri, 29 Mar 2024 02:35:14 GMT] service=pubsub peer=12D3KooWCydB7EK649gzmCcdZpxBY8iJEsb9wJmD54y4TRnyWA39 event=published topic=/ceramic/inmemory-3134780492 message.typ=3 message.ts=1711679714439 message.ver=5.4.0 message.ipfsVer=0.18.1 
[Fri, 29 Mar 2024 02:35:44 GMT] service=pubsub peer=12D3KooWCydB7EK649gzmCcdZpxBY8iJEsb9wJmD54y4TRnyWA39 event=published topic=/ceramic/inmemory-3134780492 message.typ=3 message.ts=1711679744439 message.ver=5.4.0 message.ipfsVer=0.18.1 
[Fri, 29 Mar 2024 02:36:14 GMT] service=pubsub peer=12D3KooWCydB7EK649gzmCcdZpxBY8iJEsb9wJmD54y4TRnyWA39 event=published topic=/ceramic/inmemory-3134780492 message.typ=3 message.ts=1711679774440 message.ver=5.4.0 message.ipfsVer=0.18.1 
[Fri, 29 Mar 2024 02:36:44 GMT] service=pubsub peer=12D3KooWCydB7EK649gzmCcdZpxBY8iJEsb9wJmD54y4TRnyWA39 event=published topic=/ceramic/inmemory-3134780492 message.typ=3 message.ts=1711679804442 message.ver=5.4.0 message.ipfsVer=0.18.1 
[Fri, 29 Mar 2024 02:37:14 GMT] service=pubsub peer=12D3KooWCydB7EK649gzmCcdZpxBY8iJEsb9wJmD54y4TRnyWA39 event=published topic=/ceramic/inmemory-3134780492 message.typ=3 message.ts=1711679834446 message.ver=5.4.0 message.ipfsVer=0.18.1 
[Fri, 29 Mar 2024 02:37:44 GMT] service=pubsub peer=12D3KooWCydB7EK649gzmCcdZpxBY8iJEsb9wJmD54y4TRnyWA39 event=published topic=/ceramic/inmemory-3134780492 message.typ=3 message.ts=1711679864449 message.ver=5.4.0 message.ipfsVer=0.18.1 
[Fri, 29 Mar 2024 02:38:14 GMT] service=pubsub peer=12D3KooWCydB7EK649gzmCcdZpxBY8iJEsb9wJmD54y4TRnyWA39 event=published topic=/ceramic/inmemory-3134780492 message.typ=3 message.ts=1711679894452 message.ver=5.4.0 message.ipfsVer=0.18.1 
[Fri, 29 Mar 2024 02:38:44 GMT] service=pubsub peer=12D3KooWCydB7EK649gzmCcdZpxBY8iJEsb9wJmD54y4TRnyWA39 event=published topic=/ceramic/inmemory-3134780492 message.typ=3 message.ts=1711679924454 message.ver=5.4.0 message.ipfsVer=0.18.1 
[Fri, 29 Mar 2024 02:39:14 GMT] service=pubsub peer=12D3KooWCydB7EK649gzmCcdZpxBY8iJEsb9wJmD54y4TRnyWA39 event=published topic=/ceramic/inmemory-3134780492 message.typ=3 message.ts=1711679954456 message.ver=5.4.0 message.ipfsVer=0.18.1 
[Fri, 29 Mar 2024 02:39:44 GMT] service=pubsub peer=12D3KooWCydB7EK649gzmCcdZpxBY8iJEsb9wJmD54y4TRnyWA39 event=published topic=/ceramic/inmemory-3134780492 message.typ=3 message.ts=1711679984456 message.ver=5.4.0 message.ipfsVer=0.18.1 
[Fri, 29 Mar 2024 02:40:44 GMT] service=pubsub peer=12D3KooWCydB7EK649gzmCcdZpxBY8iJEsb9wJmD54y4TRnyWA39 event=published topic=/ceramic/inmemory-3134780492 message.typ=3 message.ts=1711680044460 message.ver=5.4.0 message.ipfsVer=0.18.1 
[Fri, 29 Mar 2024 02:41:14 GMT] service=pubsub peer=12D3KooWCydB7EK649gzmCcdZpxBY8iJEsb9wJmD54y4TRnyWA39 event=published topic=/ceramic/inmemory-3134780492 message.typ=3 message.ts=1711680074463 message.ver=5.4.0 message.ipfsVer=0.18.1 
[Fri, 29 Mar 2024 02:41:44 GMT] service=pubsub peer=12D3KooWCydB7EK649gzmCcdZpxBY8iJEsb9wJmD54y4TRnyWA39 event=published topic=/ceramic/inmemory-3134780492 message.typ=3 message.ts=1711680104467 message.ver=5.4.0 message.ipfsVer=0.18.1 
[Fri, 29 Mar 2024 02:42:14 GMT] service=pubsub peer=12D3KooWCydB7EK649gzmCcdZpxBY8iJEsb9wJmD54y4TRnyWA39 event=published topic=/ceramic/inmemory-3134780492 message.typ=3 message.ts=1711680134470 message.ver=5.4.0 message.ipfsVer=0.18.1 
[Fri, 29 Mar 2024 02:42:44 GMT] service=pubsub peer=12D3KooWCydB7EK649gzmCcdZpxBY8iJEsb9wJmD54y4TRnyWA39 event=published topic=/ceramic/inmemory-3134780492 message.typ=3 message.ts=1711680164471 message.ver=5.4.0 message.ipfsVer=0.18.1 
[Fri, 29 Mar 2024 02:43:14 GMT] service=pubsub peer=12D3KooWCydB7EK649gzmCcdZpxBY8iJEsb9wJmD54y4TRnyWA39 event=published topic=/ceramic/inmemory-3134780492 message.typ=3 message.ts=1711680194473 message.ver=5.4.0 message.ipfsVer=0.18.1 
[Fri, 29 Mar 2024 02:43:44 GMT] service=pubsub peer=12D3KooWCydB7EK649gzmCcdZpxBY8iJEsb9wJmD54y4TRnyWA39 event=published topic=/ceramic/inmemory-3134780492 message.typ=3 message.ts=1711680224473 message.ver=5.4.0 message.ipfsVer=0.18.1 
[Fri, 29 Mar 2024 02:44:44 GMT] service=pubsub peer=12D3KooWCydB7EK649gzmCcdZpxBY8iJEsb9wJmD54y4TRnyWA39 event=published topic=/ceramic/inmemory-3134780492 message.typ=3 message.ts=1711680284477 message.ver=5.4.0 message.ipfsVer=0.18.1 
[Fri, 29 Mar 2024 02:45:14 GMT] service=pubsub peer=12D3KooWCydB7EK649gzmCcdZpxBY8iJEsb9wJmD54y4TRnyWA39 event=published topic=/ceramic/inmemory-3134780492 message.typ=3 message.ts=1711680314482 message.ver=5.4.0 message.ipfsVer=0.18.1 
[Fri, 29 Mar 2024 02:45:44 GMT] service=pubsub peer=12D3KooWCydB7EK649gzmCcdZpxBY8iJEsb9wJmD54y4TRnyWA39 event=published topic=/ceramic/inmemory-3134780492 message.typ=3 message.ts=1711680344485 message.ver=5.4.0 message.ipfsVer=0.18.1 
[Fri, 29 Mar 2024 02:46:14 GMT] service=pubsub peer=12D3KooWCydB7EK649gzmCcdZpxBY8iJEsb9wJmD54y4TRnyWA39 event=published topic=/ceramic/inmemory-3134780492 message.typ=3 message.ts=1711680374487 message.ver=5.4.0 message.ipfsVer=0.18.1 
[Fri, 29 Mar 2024 02:46:44 GMT] service=pubsub peer=12D3KooWCydB7EK649gzmCcdZpxBY8iJEsb9wJmD54y4TRnyWA39 event=published topic=/ceramic/inmemory-3134780492 message.typ=3 message.ts=1711680404489 message.ver=5.4.0 message.ipfsVer=0.18.1 
[Fri, 29 Mar 2024 02:47:14 GMT] service=pubsub peer=12D3KooWCydB7EK649gzmCcdZpxBY8iJEsb9wJmD54y4TRnyWA39 event=published topic=/ceramic/inmemory-3134780492 message.typ=3 message.ts=1711680434490 message.ver=5.4.0 message.ipfsVer=0.18.1 
[Fri, 29 Mar 2024 02:47:44 GMT] service=pubsub peer=12D3KooWCydB7EK649gzmCcdZpxBY8iJEsb9wJmD54y4TRnyWA39 event=published topic=/ceramic/inmemory-3134780492 message.typ=3 message.ts=1711680464492 message.ver=5.4.0 message.ipfsVer=0.18.1 
[Fri, 29 Mar 2024 02:48:44 GMT] service=pubsub peer=12D3KooWCydB7EK649gzmCcdZpxBY8iJEsb9wJmD54y4TRnyWA39 event=published topic=/ceramic/inmemory-3134780492 message.typ=3 message.ts=1711680524496 message.ver=5.4.0 message.ipfsVer=0.18.1 
[Fri, 29 Mar 2024 02:49:14 GMT] service=pubsub peer=12D3KooWCydB7EK649gzmCcdZpxBY8iJEsb9wJmD54y4TRnyWA39 event=published topic=/ceramic/inmemory-3134780492 message.typ=3 message.ts=1711680554500 message.ver=5.4.0 message.ipfsVer=0.18.1 
[Fri, 29 Mar 2024 02:49:44 GMT] service=pubsub peer=12D3KooWCydB7EK649gzmCcdZpxBY8iJEsb9wJmD54y4TRnyWA39 event=published topic=/ceramic/inmemory-3134780492 message.typ=3 message.ts=1711680584503 message.ver=5.4.0 message.ipfsVer=0.18.1 
[Fri, 29 Mar 2024 02:50:14 GMT] service=pubsub peer=12D3KooWCydB7EK649gzmCcdZpxBY8iJEsb9wJmD54y4TRnyWA39 event=published topic=/ceramic/inmemory-3134780492 message.typ=3 message.ts=1711680614506 message.ver=5.4.0 message.ipfsVer=0.18.1 
[Fri, 29 Mar 2024 02:50:44 GMT] service=pubsub peer=12D3KooWCydB7EK649gzmCcdZpxBY8iJEsb9wJmD54y4TRnyWA39 event=published topic=/ceramic/inmemory-3134780492 message.typ=3 message.ts=1711680644507 message.ver=5.4.0 message.ipfsVer=0.18.1 
[Fri, 29 Mar 2024 02:51:14 GMT] service=pubsub peer=12D3KooWCydB7EK649gzmCcdZpxBY8iJEsb9wJmD54y4TRnyWA39 event=published topic=/ceramic/inmemory-3134780492 message.typ=3 message.ts=1711680674509 message.ver=5.4.0 message.ipfsVer=0.18.1 
[Fri, 29 Mar 2024 02:51:44 GMT] service=pubsub peer=12D3KooWCydB7EK649gzmCcdZpxBY8iJEsb9wJmD54y4TRnyWA39 event=published topic=/ceramic/inmemory-3134780492 message.typ=3 message.ts=1711680704509 message.ver=5.4.0 message.ipfsVer=0.18.1 
[Fri, 29 Mar 2024 02:52:14 GMT] service=pubsub peer=12D3KooWCydB7EK649gzmCcdZpxBY8iJEsb9wJmD54y4TRnyWA39 event=published topic=/ceramic/inmemory-3134780492 message.typ=3 message.ts=1711680734510 message.ver=5.4.0 message.ipfsVer=0.18.1 
[Fri, 29 Mar 2024 02:52:44 GMT] service=pubsub peer=12D3KooWCydB7EK649gzmCcdZpxBY8iJEsb9wJmD54y4TRnyWA39 event=published topic=/ceramic/inmemory-3134780492 message.typ=3 message.ts=1711680764514 message.ver=5.4.0 message.ipfsVer=0.18.1 
[Fri, 29 Mar 2024 02:53:14 GMT] service=pubsub peer=12D3KooWCydB7EK649gzmCcdZpxBY8iJEsb9wJmD54y4TRnyWA39 event=published topic=/ceramic/inmemory-3134780492 message.typ=3 message.ts=1711680794518 message.ver=5.4.0 message.ipfsVer=0.18.1 
[Fri, 29 Mar 2024 02:53:44 GMT] service=pubsub peer=12D3KooWCydB7EK649gzmCcdZpxBY8iJEsb9wJmD54y4TRnyWA39 event=published topic=/ceramic/inmemory-3134780492 message.typ=3 message.ts=1711680824522 message.ver=5.4.0 message.ipfsVer=0.18.1 
[Fri, 29 Mar 2024 02:54:14 GMT] service=pubsub peer=12D3KooWCydB7EK649gzmCcdZpxBY8iJEsb9wJmD54y4TRnyWA39 event=published topic=/ceramic/inmemory-3134780492 message.typ=3 message.ts=1711680854524 message.ver=5.4.0 message.ipfsVer=0.18.1 
[Fri, 29 Mar 2024 02:54:44 GMT] service=pubsub peer=12D3KooWCydB7EK649gzmCcdZpxBY8iJEsb9wJmD54y4TRnyWA39 event=published topic=/ceramic/inmemory-3134780492 message.typ=3 message.ts=1711680884526 message.ver=5.4.0 message.ipfsVer=0.18.1 
[Fri, 29 Mar 2024 02:55:14 GMT] service=pubsub peer=12D3KooWCydB7EK649gzmCcdZpxBY8iJEsb9wJmD54y4TRnyWA39 event=published topic=/ceramic/inmemory-3134780492 message.typ=3 message.ts=1711680914528 message.ver=5.4.0 message.ipfsVer=0.18.1 
[Fri, 29 Mar 2024 02:55:44 GMT] service=pubsub peer=12D3KooWCydB7EK649gzmCcdZpxBY8iJEsb9wJmD54y4TRnyWA39 event=published topic=/ceramic/inmemory-3134780492 message.typ=3 message.ts=1711680944528 message.ver=5.4.0 message.ipfsVer=0.18.1 
[Fri, 29 Mar 2024 02:56:14 GMT] service=pubsub peer=12D3KooWCydB7EK649gzmCcdZpxBY8iJEsb9wJmD54y4TRnyWA39 event=published topic=/ceramic/inmemory-3134780492 message.typ=3 message.ts=1711680974531 message.ver=5.4.0 message.ipfsVer=0.18.1 
[Fri, 29 Mar 2024 02:56:44 GMT] service=pubsub peer=12D3KooWCydB7EK649gzmCcdZpxBY8iJEsb9wJmD54y4TRnyWA39 event=published topic=/ceramic/inmemory-3134780492 message.typ=3 message.ts=1711681004536 message.ver=5.4.0 message.ipfsVer=0.18.1 
[Fri, 29 Mar 2024 02:57:14 GMT] service=pubsub peer=12D3KooWCydB7EK649gzmCcdZpxBY8iJEsb9wJmD54y4TRnyWA39 event=published topic=/ceramic/inmemory-3134780492 message.typ=3 message.ts=1711681034540 message.ver=5.4.0 message.ipfsVer=0.18.1 
[Fri, 29 Mar 2024 02:57:44 GMT] service=pubsub peer=12D3KooWCydB7EK649gzmCcdZpxBY8iJEsb9wJmD54y4TRnyWA39 event=published topic=/ceramic/inmemory-3134780492 message.typ=3 message.ts=1711681064543 message.ver=5.4.0 message.ipfsVer=0.18.1 
[Fri, 29 Mar 2024 02:58:14 GMT] service=pubsub peer=12D3KooWCydB7EK649gzmCcdZpxBY8iJEsb9wJmD54y4TRnyWA39 event=published topic=/ceramic/inmemory-3134780492 message.typ=3 message.ts=1711681094545 message.ver=5.4.0 message.ipfsVer=0.18.1 
[Fri, 29 Mar 2024 02:58:44 GMT] service=pubsub peer=12D3KooWCydB7EK649gzmCcdZpxBY8iJEsb9wJmD54y4TRnyWA39 event=published topic=/ceramic/inmemory-3134780492 message.typ=3 message.ts=1711681124546 message.ver=5.4.0 message.ipfsVer=0.18.1 
[Fri, 29 Mar 2024 02:59:14 GMT] service=pubsub peer=12D3KooWCydB7EK649gzmCcdZpxBY8iJEsb9wJmD54y4TRnyWA39 event=published topic=/ceramic/inmemory-3134780492 message.typ=3 message.ts=1711681154548 message.ver=5.4.0 message.ipfsVer=0.18.1 
[Fri, 29 Mar 2024 02:59:44 GMT] service=pubsub peer=12D3KooWCydB7EK649gzmCcdZpxBY8iJEsb9wJmD54y4TRnyWA39 event=published topic=/ceramic/inmemory-3134780492 message.typ=3 message.ts=1711681184548 message.ver=5.4.0 message.ipfsVer=0.18.1 
[Fri, 29 Mar 2024 03:00:14 GMT] service=pubsub peer=12D3KooWCydB7EK649gzmCcdZpxBY8iJEsb9wJmD54y4TRnyWA39 event=published topic=/ceramic/inmemory-3134780492 message.typ=3 message.ts=1711681214548 message.ver=5.4.0 message.ipfsVer=0.18.1 
[Fri, 29 Mar 2024 03:00:44 GMT] service=pubsub peer=12D3KooWCydB7EK649gzmCcdZpxBY8iJEsb9wJmD54y4TRnyWA39 event=published topic=/ceramic/inmemory-3134780492 message.typ=3 message.ts=1711681244553 message.ver=5.4.0 message.ipfsVer=0.18.1 
[Fri, 29 Mar 2024 03:01:14 GMT] service=pubsub peer=12D3KooWCydB7EK649gzmCcdZpxBY8iJEsb9wJmD54y4TRnyWA39 event=published topic=/ceramic/inmemory-3134780492 message.typ=3 message.ts=1711681274556 message.ver=5.4.0 message.ipfsVer=0.18.1 
[Fri, 29 Mar 2024 03:01:44 GMT] service=pubsub peer=12D3KooWCydB7EK649gzmCcdZpxBY8iJEsb9wJmD54y4TRnyWA39 event=published topic=/ceramic/inmemory-3134780492 message.typ=3 message.ts=1711681304559 message.ver=5.4.0 message.ipfsVer=0.18.1 
[Fri, 29 Mar 2024 03:02:14 GMT] service=pubsub peer=12D3KooWCydB7EK649gzmCcdZpxBY8iJEsb9wJmD54y4TRnyWA39 event=published topic=/ceramic/inmemory-3134780492 message.typ=3 message.ts=1711681334562 message.ver=5.4.0 message.ipfsVer=0.18.1 
[Fri, 29 Mar 2024 03:02:44 GMT] service=pubsub peer=12D3KooWCydB7EK649gzmCcdZpxBY8iJEsb9wJmD54y4TRnyWA39 event=published topic=/ceramic/inmemory-3134780492 message.typ=3 message.ts=1711681364565 message.ver=5.4.0 message.ipfsVer=0.18.1 
[Fri, 29 Mar 2024 03:03:14 GMT] service=pubsub peer=12D3KooWCydB7EK649gzmCcdZpxBY8iJEsb9wJmD54y4TRnyWA39 event=published topic=/ceramic/inmemory-3134780492 message.typ=3 message.ts=1711681394566 message.ver=5.4.0 message.ipfsVer=0.18.1 
[Fri, 29 Mar 2024 03:03:44 GMT] service=pubsub peer=12D3KooWCydB7EK649gzmCcdZpxBY8iJEsb9wJmD54y4TRnyWA39 event=published topic=/ceramic/inmemory-3134780492 message.typ=3 message.ts=1711681424567 message.ver=5.4.0 message.ipfsVer=0.18.1 
[Fri, 29 Mar 2024 03:04:14 GMT] service=pubsub peer=12D3KooWCydB7EK649gzmCcdZpxBY8iJEsb9wJmD54y4TRnyWA39 event=published topic=/ceramic/inmemory-3134780492 message.typ=3 message.ts=1711681454568 message.ver=5.4.0 message.ipfsVer=0.18.1 
[Fri, 29 Mar 2024 03:04:44 GMT] service=pubsub peer=12D3KooWCydB7EK649gzmCcdZpxBY8iJEsb9wJmD54y4TRnyWA39 event=published topic=/ceramic/inmemory-3134780492 message.typ=3 message.ts=1711681484572 message.ver=5.4.0 message.ipfsVer=0.18.1 
[Fri, 29 Mar 2024 03:05:14 GMT] service=pubsub peer=12D3KooWCydB7EK649gzmCcdZpxBY8iJEsb9wJmD54y4TRnyWA39 event=published topic=/ceramic/inmemory-3134780492 message.typ=3 message.ts=1711681514577 message.ver=5.4.0 message.ipfsVer=0.18.1 
[Fri, 29 Mar 2024 03:05:44 GMT] service=pubsub peer=12D3KooWCydB7EK649gzmCcdZpxBY8iJEsb9wJmD54y4TRnyWA39 event=published topic=/ceramic/inmemory-3134780492 message.typ=3 message.ts=1711681544581 message.ver=5.4.0 message.ipfsVer=0.18.1 
[Fri, 29 Mar 2024 03:06:14 GMT] service=pubsub peer=12D3KooWCydB7EK649gzmCcdZpxBY8iJEsb9wJmD54y4TRnyWA39 event=published topic=/ceramic/inmemory-3134780492 message.typ=3 message.ts=1711681574583 message.ver=5.4.0 message.ipfsVer=0.18.1 
[Fri, 29 Mar 2024 03:06:44 GMT] service=pubsub peer=12D3KooWCydB7EK649gzmCcdZpxBY8iJEsb9wJmD54y4TRnyWA39 event=published topic=/ceramic/inmemory-3134780492 message.typ=3 message.ts=1711681604586 message.ver=5.4.0 message.ipfsVer=0.18.1 
[Fri, 29 Mar 2024 03:07:14 GMT] service=pubsub peer=12D3KooWCydB7EK649gzmCcdZpxBY8iJEsb9wJmD54y4TRnyWA39 event=published topic=/ceramic/inmemory-3134780492 message.typ=3 message.ts=1711681634587 message.ver=5.4.0 message.ipfsVer=0.18.1 
[Fri, 29 Mar 2024 03:07:44 GMT] service=pubsub peer=12D3KooWCydB7EK649gzmCcdZpxBY8iJEsb9wJmD54y4TRnyWA39 event=published topic=/ceramic/inmemory-3134780492 message.typ=3 message.ts=1711681664587 message.ver=5.4.0 message.ipfsVer=0.18.1 
